CRITICAL - 2024-12-29 08:53:54 --> Error: Call to undefined function form_open()
[Method: GET, Route: Auth]
in APPPATH\Views\v_login.php on line 28.
 1 SYSTEMPATH\View\View.php(234): include()
 2 SYSTEMPATH\View\View.php(237): CodeIgniter\View\View->CodeIgniter\View\{closure}()
 3 SYSTEMPATH\Common.php(1171): CodeIgniter\View\View->render('v_login', [], true)
 4 APPPATH\Controllers\Auth.php(16): view('v_login', [...])
 5 SYSTEMPATH\CodeIgniter.php(933): App\Controllers\Auth->index()
 6 SYSTEMPATH\CodeIgniter.php(509): CodeIgniter\CodeIgniter->runController(Object(App\Controllers\Auth))
 7 SYSTEMPATH\CodeIgniter.php(355): CodeIgniter\CodeIgniter->handleRequest(null, Object(Config\Cache), false)
 8 SYSTEMPATH\Boot.php(334): CodeIgniter\CodeIgniter->run()
 9 SYSTEMPATH\Boot.php(67): CodeIgniter\Boot::runCodeIgniter(Object(CodeIgniter\CodeIgniter))
10 FCPATH\index.php(56): CodeIgniter\Boot::bootWeb(Object(Config\Paths))
CRITICAL - 2024-12-29 09:55:31 --> ParseError: Unclosed '[' does not match ')'
[Method: GET, Route: Auth]
in APPPATH\Views\v_login.php on line 23.
 1 SYSTEMPATH\View\View.php(237): CodeIgniter\View\View->CodeIgniter\View\{closure}()
 2 SYSTEMPATH\Common.php(1171): CodeIgniter\View\View->render('v_login', [], true)
 3 APPPATH\Controllers\Auth.php(16): view('v_login', [...])
 4 SYSTEMPATH\CodeIgniter.php(933): App\Controllers\Auth->index()
 5 SYSTEMPATH\CodeIgniter.php(509): CodeIgniter\CodeIgniter->runController(Object(App\Controllers\Auth))
 6 SYSTEMPATH\CodeIgniter.php(355): CodeIgniter\CodeIgniter->handleRequest(null, Object(Config\Cache), false)
 7 SYSTEMPATH\Boot.php(334): CodeIgniter\CodeIgniter->run()
 8 SYSTEMPATH\Boot.php(67): CodeIgniter\Boot::runCodeIgniter(Object(CodeIgniter\CodeIgniter))
 9 FCPATH\index.php(56): CodeIgniter\Boot::bootWeb(Object(Config\Paths))
CRITICAL - 2024-12-29 09:55:42 --> ParseError: Unclosed '[' does not match ')'
[Method: GET, Route: Auth]
in APPPATH\Views\v_login.php on line 23.
 1 SYSTEMPATH\View\View.php(237): CodeIgniter\View\View->CodeIgniter\View\{closure}()
 2 SYSTEMPATH\Common.php(1171): CodeIgniter\View\View->render('v_login', [], true)
 3 APPPATH\Controllers\Auth.php(16): view('v_login', [...])
 4 SYSTEMPATH\CodeIgniter.php(933): App\Controllers\Auth->index()
 5 SYSTEMPATH\CodeIgniter.php(509): CodeIgniter\CodeIgniter->runController(Object(App\Controllers\Auth))
 6 SYSTEMPATH\CodeIgniter.php(355): CodeIgniter\CodeIgniter->handleRequest(null, Object(Config\Cache), false)
 7 SYSTEMPATH\Boot.php(334): CodeIgniter\CodeIgniter->run()
 8 SYSTEMPATH\Boot.php(67): CodeIgniter\Boot::runCodeIgniter(Object(CodeIgniter\CodeIgniter))
 9 FCPATH\index.php(56): CodeIgniter\Boot::bootWeb(Object(Config\Paths))
CRITICAL - 2024-12-29 09:57:00 --> ParseError: Unclosed '[' does not match ')'
[Method: GET, Route: Auth]
in APPPATH\Views\v_login.php on line 23.
 1 SYSTEMPATH\View\View.php(237): CodeIgniter\View\View->CodeIgniter\View\{closure}()
 2 SYSTEMPATH\Common.php(1171): CodeIgniter\View\View->render('v_login', [], true)
 3 APPPATH\Controllers\Auth.php(16): view('v_login', [...])
 4 SYSTEMPATH\CodeIgniter.php(933): App\Controllers\Auth->index()
 5 SYSTEMPATH\CodeIgniter.php(509): CodeIgniter\CodeIgniter->runController(Object(App\Controllers\Auth))
 6 SYSTEMPATH\CodeIgniter.php(355): CodeIgniter\CodeIgniter->handleRequest(null, Object(Config\Cache), false)
 7 SYSTEMPATH\Boot.php(334): CodeIgniter\CodeIgniter->run()
 8 SYSTEMPATH\Boot.php(67): CodeIgniter\Boot::runCodeIgniter(Object(CodeIgniter\CodeIgniter))
 9 FCPATH\index.php(56): CodeIgniter\Boot::bootWeb(Object(Config\Paths))
CRITICAL - 2024-12-29 09:57:16 --> ParseError: Unclosed '[' does not match ')'
[Method: GET, Route: Auth]
in APPPATH\Views\v_login.php on line 23.
 1 SYSTEMPATH\View\View.php(237): CodeIgniter\View\View->CodeIgniter\View\{closure}()
 2 SYSTEMPATH\Common.php(1171): CodeIgniter\View\View->render('v_login', [], true)
 3 APPPATH\Controllers\Auth.php(16): view('v_login', [...])
 4 SYSTEMPATH\CodeIgniter.php(933): App\Controllers\Auth->index()
 5 SYSTEMPATH\CodeIgniter.php(509): CodeIgniter\CodeIgniter->runController(Object(App\Controllers\Auth))
 6 SYSTEMPATH\CodeIgniter.php(355): CodeIgniter\CodeIgniter->handleRequest(null, Object(Config\Cache), false)
 7 SYSTEMPATH\Boot.php(334): CodeIgniter\CodeIgniter->run()
 8 SYSTEMPATH\Boot.php(67): CodeIgniter\Boot::runCodeIgniter(Object(CodeIgniter\CodeIgniter))
 9 FCPATH\index.php(56): CodeIgniter\Boot::bootWeb(Object(Config\Paths))
CRITICAL - 2024-12-29 09:57:17 --> ParseError: Unclosed '[' does not match ')'
[Method: GET, Route: Auth]
in APPPATH\Views\v_login.php on line 23.
 1 SYSTEMPATH\View\View.php(237): CodeIgniter\View\View->CodeIgniter\View\{closure}()
 2 SYSTEMPATH\Common.php(1171): CodeIgniter\View\View->render('v_login', [], true)
 3 APPPATH\Controllers\Auth.php(16): view('v_login', [...])
 4 SYSTEMPATH\CodeIgniter.php(933): App\Controllers\Auth->index()
 5 SYSTEMPATH\CodeIgniter.php(509): CodeIgniter\CodeIgniter->runController(Object(App\Controllers\Auth))
 6 SYSTEMPATH\CodeIgniter.php(355): CodeIgniter\CodeIgniter->handleRequest(null, Object(Config\Cache), false)
 7 SYSTEMPATH\Boot.php(334): CodeIgniter\CodeIgniter->run()
 8 SYSTEMPATH\Boot.php(67): CodeIgniter\Boot::runCodeIgniter(Object(CodeIgniter\CodeIgniter))
 9 FCPATH\index.php(56): CodeIgniter\Boot::bootWeb(Object(Config\Paths))
CRITICAL - 2024-12-29 09:59:21 --> ParseError: Unclosed '[' does not match ')'
[Method: GET, Route: Auth]
in APPPATH\Views\v_login.php on line 23.
 1 SYSTEMPATH\View\View.php(237): CodeIgniter\View\View->CodeIgniter\View\{closure}()
 2 SYSTEMPATH\Common.php(1171): CodeIgniter\View\View->render('v_login', [], true)
 3 APPPATH\Controllers\Auth.php(16): view('v_login', [...])
 4 SYSTEMPATH\CodeIgniter.php(933): App\Controllers\Auth->index()
 5 SYSTEMPATH\CodeIgniter.php(509): CodeIgniter\CodeIgniter->runController(Object(App\Controllers\Auth))
 6 SYSTEMPATH\CodeIgniter.php(355): CodeIgniter\CodeIgniter->handleRequest(null, Object(Config\Cache), false)
 7 SYSTEMPATH\Boot.php(334): CodeIgniter\CodeIgniter->run()
 8 SYSTEMPATH\Boot.php(67): CodeIgniter\Boot::runCodeIgniter(Object(CodeIgniter\CodeIgniter))
 9 FCPATH\index.php(56): CodeIgniter\Boot::bootWeb(Object(Config\Paths))
CRITICAL - 2024-12-29 10:00:53 --> ErrorException: Undefined variable $web
[Method: GET, Route: Auth]
in APPPATH\Views\v_login.php on line 23.
 1 APPPATH\Views\v_login.php(23): CodeIgniter\Debug\Exceptions->errorHandler(2, 'Undefined variable $web', 'C:\\wamp64\\www\\SI-PMII-Jambi\\app\\Views\\v_login.php', 23)
 2 SYSTEMPATH\View\View.php(234): include('C:\\wamp64\\www\\SI-PMII-Jambi\\app\\Views\\v_login.php')
 3 SYSTEMPATH\View\View.php(237): CodeIgniter\View\View->CodeIgniter\View\{closure}()
 4 SYSTEMPATH\Common.php(1171): CodeIgniter\View\View->render('v_login', [], true)
 5 APPPATH\Controllers\Auth.php(16): view('v_login', [...])
 6 SYSTEMPATH\CodeIgniter.php(933): App\Controllers\Auth->index()
 7 SYSTEMPATH\CodeIgniter.php(509): CodeIgniter\CodeIgniter->runController(Object(App\Controllers\Auth))
 8 SYSTEMPATH\CodeIgniter.php(355): CodeIgniter\CodeIgniter->handleRequest(null, Object(Config\Cache), false)
 9 SYSTEMPATH\Boot.php(334): CodeIgniter\CodeIgniter->run()
10 SYSTEMPATH\Boot.php(67): CodeIgniter\Boot::runCodeIgniter(Object(CodeIgniter\CodeIgniter))
11 FCPATH\index.php(56): CodeIgniter\Boot::bootWeb(Object(Config\Paths))
CRITICAL - 2024-12-29 10:02:01 --> ErrorException: Undefined variable $web
[Method: GET, Route: Auth]
in APPPATH\Views\v_login.php on line 23.
 1 APPPATH\Views\v_login.php(23): CodeIgniter\Debug\Exceptions->errorHandler(2, 'Undefined variable $web', 'C:\\wamp64\\www\\SI-PMII-Jambi\\app\\Views\\v_login.php', 23)
 2 SYSTEMPATH\View\View.php(234): include('C:\\wamp64\\www\\SI-PMII-Jambi\\app\\Views\\v_login.php')
 3 SYSTEMPATH\View\View.php(237): CodeIgniter\View\View->CodeIgniter\View\{closure}()
 4 SYSTEMPATH\Common.php(1171): CodeIgniter\View\View->render('v_login', [], true)
 5 APPPATH\Controllers\Auth.php(16): view('v_login', [...])
 6 SYSTEMPATH\CodeIgniter.php(933): App\Controllers\Auth->index()
 7 SYSTEMPATH\CodeIgniter.php(509): CodeIgniter\CodeIgniter->runController(Object(App\Controllers\Auth))
 8 SYSTEMPATH\CodeIgniter.php(355): CodeIgniter\CodeIgniter->handleRequest(null, Object(Config\Cache), false)
 9 SYSTEMPATH\Boot.php(334): CodeIgniter\CodeIgniter->run()
10 SYSTEMPATH\Boot.php(67): CodeIgniter\Boot::runCodeIgniter(Object(CodeIgniter\CodeIgniter))
11 FCPATH\index.php(56): CodeIgniter\Boot::bootWeb(Object(Config\Paths))
CRITICAL - 2024-12-29 10:02:02 --> ErrorException: Undefined variable $web
[Method: GET, Route: Auth]
in APPPATH\Views\v_login.php on line 23.
 1 APPPATH\Views\v_login.php(23): CodeIgniter\Debug\Exceptions->errorHandler(2, 'Undefined variable $web', 'C:\\wamp64\\www\\SI-PMII-Jambi\\app\\Views\\v_login.php', 23)
 2 SYSTEMPATH\View\View.php(234): include('C:\\wamp64\\www\\SI-PMII-Jambi\\app\\Views\\v_login.php')
 3 SYSTEMPATH\View\View.php(237): CodeIgniter\View\View->CodeIgniter\View\{closure}()
 4 SYSTEMPATH\Common.php(1171): CodeIgniter\View\View->render('v_login', [], true)
 5 APPPATH\Controllers\Auth.php(16): view('v_login', [...])
 6 SYSTEMPATH\CodeIgniter.php(933): App\Controllers\Auth->index()
 7 SYSTEMPATH\CodeIgniter.php(509): CodeIgniter\CodeIgniter->runController(Object(App\Controllers\Auth))
 8 SYSTEMPATH\CodeIgniter.php(355): CodeIgniter\CodeIgniter->handleRequest(null, Object(Config\Cache), false)
 9 SYSTEMPATH\Boot.php(334): CodeIgniter\CodeIgniter->run()
10 SYSTEMPATH\Boot.php(67): CodeIgniter\Boot::runCodeIgniter(Object(CodeIgniter\CodeIgniter))
11 FCPATH\index.php(56): CodeIgniter\Boot::bootWeb(Object(Config\Paths))
CRITICAL - 2024-12-29 10:04:23 --> ErrorException: Undefined variable $web
[Method: GET, Route: Auth]
in APPPATH\Views\v_login.php on line 23.
 1 APPPATH\Views\v_login.php(23): CodeIgniter\Debug\Exceptions->errorHandler(2, 'Undefined variable $web', 'C:\\wamp64\\www\\SI-PMII-Jambi\\app\\Views\\v_login.php', 23)
 2 SYSTEMPATH\View\View.php(234): include('C:\\wamp64\\www\\SI-PMII-Jambi\\app\\Views\\v_login.php')
 3 SYSTEMPATH\View\View.php(237): CodeIgniter\View\View->CodeIgniter\View\{closure}()
 4 SYSTEMPATH\Common.php(1171): CodeIgniter\View\View->render('v_login', [], true)
 5 APPPATH\Controllers\Auth.php(16): view('v_login', [...])
 6 SYSTEMPATH\CodeIgniter.php(933): App\Controllers\Auth->index()
 7 SYSTEMPATH\CodeIgniter.php(509): CodeIgniter\CodeIgniter->runController(Object(App\Controllers\Auth))
 8 SYSTEMPATH\CodeIgniter.php(355): CodeIgniter\CodeIgniter->handleRequest(null, Object(Config\Cache), false)
 9 SYSTEMPATH\Boot.php(334): CodeIgniter\CodeIgniter->run()
10 SYSTEMPATH\Boot.php(67): CodeIgniter\Boot::runCodeIgniter(Object(CodeIgniter\CodeIgniter))
11 FCPATH\index.php(56): CodeIgniter\Boot::bootWeb(Object(Config\Paths))
CRITICAL - 2024-12-29 10:04:27 --> ErrorException: Undefined variable $web
[Method: GET, Route: Auth]
in APPPATH\Views\v_login.php on line 23.
 1 APPPATH\Views\v_login.php(23): CodeIgniter\Debug\Exceptions->errorHandler(2, 'Undefined variable $web', 'C:\\wamp64\\www\\SI-PMII-Jambi\\app\\Views\\v_login.php', 23)
 2 SYSTEMPATH\View\View.php(234): include('C:\\wamp64\\www\\SI-PMII-Jambi\\app\\Views\\v_login.php')
 3 SYSTEMPATH\View\View.php(237): CodeIgniter\View\View->CodeIgniter\View\{closure}()
 4 SYSTEMPATH\Common.php(1171): CodeIgniter\View\View->render('v_login', [], true)
 5 APPPATH\Controllers\Auth.php(16): view('v_login', [...])
 6 SYSTEMPATH\CodeIgniter.php(933): App\Controllers\Auth->index()
 7 SYSTEMPATH\CodeIgniter.php(509): CodeIgniter\CodeIgniter->runController(Object(App\Controllers\Auth))
 8 SYSTEMPATH\CodeIgniter.php(355): CodeIgniter\CodeIgniter->handleRequest(null, Object(Config\Cache), false)
 9 SYSTEMPATH\Boot.php(334): CodeIgniter\CodeIgniter->run()
10 SYSTEMPATH\Boot.php(67): CodeIgniter\Boot::runCodeIgniter(Object(CodeIgniter\CodeIgniter))
11 FCPATH\index.php(56): CodeIgniter\Boot::bootWeb(Object(Config\Paths))
CRITICAL - 2024-12-29 10:07:26 --> ErrorException: Undefined variable $web
[Method: GET, Route: Auth]
in APPPATH\Views\v_login.php on line 23.
 1 APPPATH\Views\v_login.php(23): CodeIgniter\Debug\Exceptions->errorHandler(2, 'Undefined variable $web', 'C:\\wamp64\\www\\SI-PMII-Jambi\\app\\Views\\v_login.php', 23)
 2 SYSTEMPATH\View\View.php(234): include('C:\\wamp64\\www\\SI-PMII-Jambi\\app\\Views\\v_login.php')
 3 SYSTEMPATH\View\View.php(237): CodeIgniter\View\View->CodeIgniter\View\{closure}()
 4 SYSTEMPATH\Common.php(1171): CodeIgniter\View\View->render('v_login', [], true)
 5 APPPATH\Controllers\Auth.php(16): view('v_login', [...])
 6 SYSTEMPATH\CodeIgniter.php(933): App\Controllers\Auth->index()
 7 SYSTEMPATH\CodeIgniter.php(509): CodeIgniter\CodeIgniter->runController(Object(App\Controllers\Auth))
 8 SYSTEMPATH\CodeIgniter.php(355): CodeIgniter\CodeIgniter->handleRequest(null, Object(Config\Cache), false)
 9 SYSTEMPATH\Boot.php(334): CodeIgniter\CodeIgniter->run()
10 SYSTEMPATH\Boot.php(67): CodeIgniter\Boot::runCodeIgniter(Object(CodeIgniter\CodeIgniter))
11 FCPATH\index.php(56): CodeIgniter\Boot::bootWeb(Object(Config\Paths))
CRITICAL - 2024-12-29 10:08:15 --> ErrorException: Undefined variable $img
[Method: GET, Route: Auth]
in APPPATH\Views\v_login.php on line 23.
 1 APPPATH\Views\v_login.php(23): CodeIgniter\Debug\Exceptions->errorHandler(2, 'Undefined variable $img', 'C:\\wamp64\\www\\SI-PMII-Jambi\\app\\Views\\v_login.php', 23)
 2 SYSTEMPATH\View\View.php(234): include('C:\\wamp64\\www\\SI-PMII-Jambi\\app\\Views\\v_login.php')
 3 SYSTEMPATH\View\View.php(237): CodeIgniter\View\View->CodeIgniter\View\{closure}()
 4 SYSTEMPATH\Common.php(1171): CodeIgniter\View\View->render('v_login', [], true)
 5 APPPATH\Controllers\Auth.php(16): view('v_login', [...])
 6 SYSTEMPATH\CodeIgniter.php(933): App\Controllers\Auth->index()
 7 SYSTEMPATH\CodeIgniter.php(509): CodeIgniter\CodeIgniter->runController(Object(App\Controllers\Auth))
 8 SYSTEMPATH\CodeIgniter.php(355): CodeIgniter\CodeIgniter->handleRequest(null, Object(Config\Cache), false)
 9 SYSTEMPATH\Boot.php(334): CodeIgniter\CodeIgniter->run()
10 SYSTEMPATH\Boot.php(67): CodeIgniter\Boot::runCodeIgniter(Object(CodeIgniter\CodeIgniter))
11 FCPATH\index.php(56): CodeIgniter\Boot::bootWeb(Object(Config\Paths))
CRITICAL - 2024-12-29 10:08:23 --> ErrorException: Undefined variable $png
[Method: GET, Route: Auth]
in APPPATH\Views\v_login.php on line 23.
 1 APPPATH\Views\v_login.php(23): CodeIgniter\Debug\Exceptions->errorHandler(2, 'Undefined variable $png', 'C:\\wamp64\\www\\SI-PMII-Jambi\\app\\Views\\v_login.php', 23)
 2 SYSTEMPATH\View\View.php(234): include('C:\\wamp64\\www\\SI-PMII-Jambi\\app\\Views\\v_login.php')
 3 SYSTEMPATH\View\View.php(237): CodeIgniter\View\View->CodeIgniter\View\{closure}()
 4 SYSTEMPATH\Common.php(1171): CodeIgniter\View\View->render('v_login', [], true)
 5 APPPATH\Controllers\Auth.php(16): view('v_login', [...])
 6 SYSTEMPATH\CodeIgniter.php(933): App\Controllers\Auth->index()
 7 SYSTEMPATH\CodeIgniter.php(509): CodeIgniter\CodeIgniter->runController(Object(App\Controllers\Auth))
 8 SYSTEMPATH\CodeIgniter.php(355): CodeIgniter\CodeIgniter->handleRequest(null, Object(Config\Cache), false)
 9 SYSTEMPATH\Boot.php(334): CodeIgniter\CodeIgniter->run()
10 SYSTEMPATH\Boot.php(67): CodeIgniter\Boot::runCodeIgniter(Object(CodeIgniter\CodeIgniter))
11 FCPATH\index.php(56): CodeIgniter\Boot::bootWeb(Object(Config\Paths))
CRITICAL - 2024-12-29 10:08:42 --> ErrorException: Undefined variable $web
[Method: GET, Route: Auth]
in APPPATH\Views\v_login.php on line 23.
 1 APPPATH\Views\v_login.php(23): CodeIgniter\Debug\Exceptions->errorHandler(2, 'Undefined variable $web', 'C:\\wamp64\\www\\SI-PMII-Jambi\\app\\Views\\v_login.php', 23)
 2 SYSTEMPATH\View\View.php(234): include('C:\\wamp64\\www\\SI-PMII-Jambi\\app\\Views\\v_login.php')
 3 SYSTEMPATH\View\View.php(237): CodeIgniter\View\View->CodeIgniter\View\{closure}()
 4 SYSTEMPATH\Common.php(1171): CodeIgniter\View\View->render('v_login', [], true)
 5 APPPATH\Controllers\Auth.php(16): view('v_login', [...])
 6 SYSTEMPATH\CodeIgniter.php(933): App\Controllers\Auth->index()
 7 SYSTEMPATH\CodeIgniter.php(509): CodeIgniter\CodeIgniter->runController(Object(App\Controllers\Auth))
 8 SYSTEMPATH\CodeIgniter.php(355): CodeIgniter\CodeIgniter->handleRequest(null, Object(Config\Cache), false)
 9 SYSTEMPATH\Boot.php(334): CodeIgniter\CodeIgniter->run()
10 SYSTEMPATH\Boot.php(67): CodeIgniter\Boot::runCodeIgniter(Object(CodeIgniter\CodeIgniter))
11 FCPATH\index.php(56): CodeIgniter\Boot::bootWeb(Object(Config\Paths))
CRITICAL - 2024-12-29 10:08:43 --> ErrorException: Undefined variable $web
[Method: GET, Route: Auth]
in APPPATH\Views\v_login.php on line 23.
 1 APPPATH\Views\v_login.php(23): CodeIgniter\Debug\Exceptions->errorHandler(2, 'Undefined variable $web', 'C:\\wamp64\\www\\SI-PMII-Jambi\\app\\Views\\v_login.php', 23)
 2 SYSTEMPATH\View\View.php(234): include('C:\\wamp64\\www\\SI-PMII-Jambi\\app\\Views\\v_login.php')
 3 SYSTEMPATH\View\View.php(237): CodeIgniter\View\View->CodeIgniter\View\{closure}()
 4 SYSTEMPATH\Common.php(1171): CodeIgniter\View\View->render('v_login', [], true)
 5 APPPATH\Controllers\Auth.php(16): view('v_login', [...])
 6 SYSTEMPATH\CodeIgniter.php(933): App\Controllers\Auth->index()
 7 SYSTEMPATH\CodeIgniter.php(509): CodeIgniter\CodeIgniter->runController(Object(App\Controllers\Auth))
 8 SYSTEMPATH\CodeIgniter.php(355): CodeIgniter\CodeIgniter->handleRequest(null, Object(Config\Cache), false)
 9 SYSTEMPATH\Boot.php(334): CodeIgniter\CodeIgniter->run()
10 SYSTEMPATH\Boot.php(67): CodeIgniter\Boot::runCodeIgniter(Object(CodeIgniter\CodeIgniter))
11 FCPATH\index.php(56): CodeIgniter\Boot::bootWeb(Object(Config\Paths))
CRITICAL - 2024-12-29 10:08:43 --> ErrorException: Undefined variable $web
[Method: GET, Route: Auth]
in APPPATH\Views\v_login.php on line 23.
 1 APPPATH\Views\v_login.php(23): CodeIgniter\Debug\Exceptions->errorHandler(2, 'Undefined variable $web', 'C:\\wamp64\\www\\SI-PMII-Jambi\\app\\Views\\v_login.php', 23)
 2 SYSTEMPATH\View\View.php(234): include('C:\\wamp64\\www\\SI-PMII-Jambi\\app\\Views\\v_login.php')
 3 SYSTEMPATH\View\View.php(237): CodeIgniter\View\View->CodeIgniter\View\{closure}()
 4 SYSTEMPATH\Common.php(1171): CodeIgniter\View\View->render('v_login', [], true)
 5 APPPATH\Controllers\Auth.php(16): view('v_login', [...])
 6 SYSTEMPATH\CodeIgniter.php(933): App\Controllers\Auth->index()
 7 SYSTEMPATH\CodeIgniter.php(509): CodeIgniter\CodeIgniter->runController(Object(App\Controllers\Auth))
 8 SYSTEMPATH\CodeIgniter.php(355): CodeIgniter\CodeIgniter->handleRequest(null, Object(Config\Cache), false)
 9 SYSTEMPATH\Boot.php(334): CodeIgniter\CodeIgniter->run()
10 SYSTEMPATH\Boot.php(67): CodeIgniter\Boot::runCodeIgniter(Object(CodeIgniter\CodeIgniter))
11 FCPATH\index.php(56): CodeIgniter\Boot::bootWeb(Object(Config\Paths))
CRITICAL - 2024-12-29 10:08:43 --> ErrorException: Undefined variable $web
[Method: GET, Route: Auth]
in APPPATH\Views\v_login.php on line 23.
 1 APPPATH\Views\v_login.php(23): CodeIgniter\Debug\Exceptions->errorHandler(2, 'Undefined variable $web', 'C:\\wamp64\\www\\SI-PMII-Jambi\\app\\Views\\v_login.php', 23)
 2 SYSTEMPATH\View\View.php(234): include('C:\\wamp64\\www\\SI-PMII-Jambi\\app\\Views\\v_login.php')
 3 SYSTEMPATH\View\View.php(237): CodeIgniter\View\View->CodeIgniter\View\{closure}()
 4 SYSTEMPATH\Common.php(1171): CodeIgniter\View\View->render('v_login', [], true)
 5 APPPATH\Controllers\Auth.php(16): view('v_login', [...])
 6 SYSTEMPATH\CodeIgniter.php(933): App\Controllers\Auth->index()
 7 SYSTEMPATH\CodeIgniter.php(509): CodeIgniter\CodeIgniter->runController(Object(App\Controllers\Auth))
 8 SYSTEMPATH\CodeIgniter.php(355): CodeIgniter\CodeIgniter->handleRequest(null, Object(Config\Cache), false)
 9 SYSTEMPATH\Boot.php(334): CodeIgniter\CodeIgniter->run()
10 SYSTEMPATH\Boot.php(67): CodeIgniter\Boot::runCodeIgniter(Object(CodeIgniter\CodeIgniter))
11 FCPATH\index.php(56): CodeIgniter\Boot::bootWeb(Object(Config\Paths))
CRITICAL - 2024-12-29 10:08:43 --> ErrorException: Undefined variable $web
[Method: GET, Route: Auth]
in APPPATH\Views\v_login.php on line 23.
 1 APPPATH\Views\v_login.php(23): CodeIgniter\Debug\Exceptions->errorHandler(2, 'Undefined variable $web', 'C:\\wamp64\\www\\SI-PMII-Jambi\\app\\Views\\v_login.php', 23)
 2 SYSTEMPATH\View\View.php(234): include('C:\\wamp64\\www\\SI-PMII-Jambi\\app\\Views\\v_login.php')
 3 SYSTEMPATH\View\View.php(237): CodeIgniter\View\View->CodeIgniter\View\{closure}()
 4 SYSTEMPATH\Common.php(1171): CodeIgniter\View\View->render('v_login', [], true)
 5 APPPATH\Controllers\Auth.php(16): view('v_login', [...])
 6 SYSTEMPATH\CodeIgniter.php(933): App\Controllers\Auth->index()
 7 SYSTEMPATH\CodeIgniter.php(509): CodeIgniter\CodeIgniter->runController(Object(App\Controllers\Auth))
 8 SYSTEMPATH\CodeIgniter.php(355): CodeIgniter\CodeIgniter->handleRequest(null, Object(Config\Cache), false)
 9 SYSTEMPATH\Boot.php(334): CodeIgniter\CodeIgniter->run()
10 SYSTEMPATH\Boot.php(67): CodeIgniter\Boot::runCodeIgniter(Object(CodeIgniter\CodeIgniter))
11 FCPATH\index.php(56): CodeIgniter\Boot::bootWeb(Object(Config\Paths))
CRITICAL - 2024-12-29 10:09:42 --> ErrorException: Undefined variable $web
[Method: GET, Route: Auth]
in APPPATH\Views\v_login.php on line 23.
 1 APPPATH\Views\v_login.php(23): CodeIgniter\Debug\Exceptions->errorHandler(2, 'Undefined variable $web', 'C:\\wamp64\\www\\SI-PMII-Jambi\\app\\Views\\v_login.php', 23)
 2 SYSTEMPATH\View\View.php(234): include('C:\\wamp64\\www\\SI-PMII-Jambi\\app\\Views\\v_login.php')
 3 SYSTEMPATH\View\View.php(237): CodeIgniter\View\View->CodeIgniter\View\{closure}()
 4 SYSTEMPATH\Common.php(1171): CodeIgniter\View\View->render('v_login', [], true)
 5 APPPATH\Controllers\Auth.php(16): view('v_login', [...])
 6 SYSTEMPATH\CodeIgniter.php(933): App\Controllers\Auth->index()
 7 SYSTEMPATH\CodeIgniter.php(509): CodeIgniter\CodeIgniter->runController(Object(App\Controllers\Auth))
 8 SYSTEMPATH\CodeIgniter.php(355): CodeIgniter\CodeIgniter->handleRequest(null, Object(Config\Cache), false)
 9 SYSTEMPATH\Boot.php(334): CodeIgniter\CodeIgniter->run()
10 SYSTEMPATH\Boot.php(67): CodeIgniter\Boot::runCodeIgniter(Object(CodeIgniter\CodeIgniter))
11 FCPATH\index.php(56): CodeIgniter\Boot::bootWeb(Object(Config\Paths))
CRITICAL - 2024-12-29 10:09:43 --> ErrorException: Undefined variable $web
[Method: GET, Route: Auth]
in APPPATH\Views\v_login.php on line 23.
 1 APPPATH\Views\v_login.php(23): CodeIgniter\Debug\Exceptions->errorHandler(2, 'Undefined variable $web', 'C:\\wamp64\\www\\SI-PMII-Jambi\\app\\Views\\v_login.php', 23)
 2 SYSTEMPATH\View\View.php(234): include('C:\\wamp64\\www\\SI-PMII-Jambi\\app\\Views\\v_login.php')
 3 SYSTEMPATH\View\View.php(237): CodeIgniter\View\View->CodeIgniter\View\{closure}()
 4 SYSTEMPATH\Common.php(1171): CodeIgniter\View\View->render('v_login', [], true)
 5 APPPATH\Controllers\Auth.php(16): view('v_login', [...])
 6 SYSTEMPATH\CodeIgniter.php(933): App\Controllers\Auth->index()
 7 SYSTEMPATH\CodeIgniter.php(509): CodeIgniter\CodeIgniter->runController(Object(App\Controllers\Auth))
 8 SYSTEMPATH\CodeIgniter.php(355): CodeIgniter\CodeIgniter->handleRequest(null, Object(Config\Cache), false)
 9 SYSTEMPATH\Boot.php(334): CodeIgniter\CodeIgniter->run()
10 SYSTEMPATH\Boot.php(67): CodeIgniter\Boot::runCodeIgniter(Object(CodeIgniter\CodeIgniter))
11 FCPATH\index.php(56): CodeIgniter\Boot::bootWeb(Object(Config\Paths))
CRITICAL - 2024-12-29 10:09:56 --> ErrorException: Undefined variable $web
[Method: GET, Route: Auth]
in APPPATH\Views\v_login.php on line 23.
 1 APPPATH\Views\v_login.php(23): CodeIgniter\Debug\Exceptions->errorHandler(2, 'Undefined variable $web', 'C:\\wamp64\\www\\SI-PMII-Jambi\\app\\Views\\v_login.php', 23)
 2 SYSTEMPATH\View\View.php(234): include('C:\\wamp64\\www\\SI-PMII-Jambi\\app\\Views\\v_login.php')
 3 SYSTEMPATH\View\View.php(237): CodeIgniter\View\View->CodeIgniter\View\{closure}()
 4 SYSTEMPATH\Common.php(1171): CodeIgniter\View\View->render('v_login', [], true)
 5 APPPATH\Controllers\Auth.php(16): view('v_login', [...])
 6 SYSTEMPATH\CodeIgniter.php(933): App\Controllers\Auth->index()
 7 SYSTEMPATH\CodeIgniter.php(509): CodeIgniter\CodeIgniter->runController(Object(App\Controllers\Auth))
 8 SYSTEMPATH\CodeIgniter.php(355): CodeIgniter\CodeIgniter->handleRequest(null, Object(Config\Cache), false)
 9 SYSTEMPATH\Boot.php(334): CodeIgniter\CodeIgniter->run()
10 SYSTEMPATH\Boot.php(67): CodeIgniter\Boot::runCodeIgniter(Object(CodeIgniter\CodeIgniter))
11 FCPATH\index.php(56): CodeIgniter\Boot::bootWeb(Object(Config\Paths))
CRITICAL - 2024-12-29 10:11:48 --> ParseError: syntax error, unexpected variable "$web", expecting ")"
[Method: GET, Route: Auth]
in APPPATH\Views\v_login.php on line 23.
 1 SYSTEMPATH\View\View.php(237): CodeIgniter\View\View->CodeIgniter\View\{closure}()
 2 SYSTEMPATH\Common.php(1171): CodeIgniter\View\View->render('v_login', [], true)
 3 APPPATH\Controllers\Auth.php(16): view('v_login', [...])
 4 SYSTEMPATH\CodeIgniter.php(933): App\Controllers\Auth->index()
 5 SYSTEMPATH\CodeIgniter.php(509): CodeIgniter\CodeIgniter->runController(Object(App\Controllers\Auth))
 6 SYSTEMPATH\CodeIgniter.php(355): CodeIgniter\CodeIgniter->handleRequest(null, Object(Config\Cache), false)
 7 SYSTEMPATH\Boot.php(334): CodeIgniter\CodeIgniter->run()
 8 SYSTEMPATH\Boot.php(67): CodeIgniter\Boot::runCodeIgniter(Object(CodeIgniter\CodeIgniter))
 9 FCPATH\index.php(56): CodeIgniter\Boot::bootWeb(Object(Config\Paths))
CRITICAL - 2024-12-29 10:12:03 --> ErrorException: Undefined variable $web
[Method: GET, Route: Auth]
in APPPATH\Views\v_login.php on line 23.
 1 APPPATH\Views\v_login.php(23): CodeIgniter\Debug\Exceptions->errorHandler(2, 'Undefined variable $web', 'C:\\wamp64\\www\\SI-PMII-Jambi\\app\\Views\\v_login.php', 23)
 2 SYSTEMPATH\View\View.php(234): include('C:\\wamp64\\www\\SI-PMII-Jambi\\app\\Views\\v_login.php')
 3 SYSTEMPATH\View\View.php(237): CodeIgniter\View\View->CodeIgniter\View\{closure}()
 4 SYSTEMPATH\Common.php(1171): CodeIgniter\View\View->render('v_login', [], true)
 5 APPPATH\Controllers\Auth.php(16): view('v_login', [...])
 6 SYSTEMPATH\CodeIgniter.php(933): App\Controllers\Auth->index()
 7 SYSTEMPATH\CodeIgniter.php(509): CodeIgniter\CodeIgniter->runController(Object(App\Controllers\Auth))
 8 SYSTEMPATH\CodeIgniter.php(355): CodeIgniter\CodeIgniter->handleRequest(null, Object(Config\Cache), false)
 9 SYSTEMPATH\Boot.php(334): CodeIgniter\CodeIgniter->run()
10 SYSTEMPATH\Boot.php(67): CodeIgniter\Boot::runCodeIgniter(Object(CodeIgniter\CodeIgniter))
11 FCPATH\index.php(56): CodeIgniter\Boot::bootWeb(Object(Config\Paths))
CRITICAL - 2024-12-29 10:12:17 --> ErrorException: Undefined variable $web
[Method: GET, Route: Auth]
in APPPATH\Views\v_login.php on line 23.
 1 APPPATH\Views\v_login.php(23): CodeIgniter\Debug\Exceptions->errorHandler(2, 'Undefined variable $web', 'C:\\wamp64\\www\\SI-PMII-Jambi\\app\\Views\\v_login.php', 23)
 2 SYSTEMPATH\View\View.php(234): include('C:\\wamp64\\www\\SI-PMII-Jambi\\app\\Views\\v_login.php')
 3 SYSTEMPATH\View\View.php(237): CodeIgniter\View\View->CodeIgniter\View\{closure}()
 4 SYSTEMPATH\Common.php(1171): CodeIgniter\View\View->render('v_login', [], true)
 5 APPPATH\Controllers\Auth.php(16): view('v_login', [...])
 6 SYSTEMPATH\CodeIgniter.php(933): App\Controllers\Auth->index()
 7 SYSTEMPATH\CodeIgniter.php(509): CodeIgniter\CodeIgniter->runController(Object(App\Controllers\Auth))
 8 SYSTEMPATH\CodeIgniter.php(355): CodeIgniter\CodeIgniter->handleRequest(null, Object(Config\Cache), false)
 9 SYSTEMPATH\Boot.php(334): CodeIgniter\CodeIgniter->run()
10 SYSTEMPATH\Boot.php(67): CodeIgniter\Boot::runCodeIgniter(Object(CodeIgniter\CodeIgniter))
11 FCPATH\index.php(56): CodeIgniter\Boot::bootWeb(Object(Config\Paths))
CRITICAL - 2024-12-29 10:12:40 --> ErrorException: Undefined variable $web
[Method: GET, Route: Auth]
in APPPATH\Views\v_login.php on line 23.
 1 APPPATH\Views\v_login.php(23): CodeIgniter\Debug\Exceptions->errorHandler(2, 'Undefined variable $web', 'C:\\wamp64\\www\\SI-PMII-Jambi\\app\\Views\\v_login.php', 23)
 2 SYSTEMPATH\View\View.php(234): include('C:\\wamp64\\www\\SI-PMII-Jambi\\app\\Views\\v_login.php')
 3 SYSTEMPATH\View\View.php(237): CodeIgniter\View\View->CodeIgniter\View\{closure}()
 4 SYSTEMPATH\Common.php(1171): CodeIgniter\View\View->render('v_login', [], true)
 5 APPPATH\Controllers\Auth.php(16): view('v_login', [...])
 6 SYSTEMPATH\CodeIgniter.php(933): App\Controllers\Auth->index()
 7 SYSTEMPATH\CodeIgniter.php(509): CodeIgniter\CodeIgniter->runController(Object(App\Controllers\Auth))
 8 SYSTEMPATH\CodeIgniter.php(355): CodeIgniter\CodeIgniter->handleRequest(null, Object(Config\Cache), false)
 9 SYSTEMPATH\Boot.php(334): CodeIgniter\CodeIgniter->run()
10 SYSTEMPATH\Boot.php(67): CodeIgniter\Boot::runCodeIgniter(Object(CodeIgniter\CodeIgniter))
11 FCPATH\index.php(56): CodeIgniter\Boot::bootWeb(Object(Config\Paths))
CRITICAL - 2024-12-29 10:12:41 --> ErrorException: Undefined variable $web
[Method: GET, Route: Auth]
in APPPATH\Views\v_login.php on line 23.
 1 APPPATH\Views\v_login.php(23): CodeIgniter\Debug\Exceptions->errorHandler(2, 'Undefined variable $web', 'C:\\wamp64\\www\\SI-PMII-Jambi\\app\\Views\\v_login.php', 23)
 2 SYSTEMPATH\View\View.php(234): include('C:\\wamp64\\www\\SI-PMII-Jambi\\app\\Views\\v_login.php')
 3 SYSTEMPATH\View\View.php(237): CodeIgniter\View\View->CodeIgniter\View\{closure}()
 4 SYSTEMPATH\Common.php(1171): CodeIgniter\View\View->render('v_login', [], true)
 5 APPPATH\Controllers\Auth.php(16): view('v_login', [...])
 6 SYSTEMPATH\CodeIgniter.php(933): App\Controllers\Auth->index()
 7 SYSTEMPATH\CodeIgniter.php(509): CodeIgniter\CodeIgniter->runController(Object(App\Controllers\Auth))
 8 SYSTEMPATH\CodeIgniter.php(355): CodeIgniter\CodeIgniter->handleRequest(null, Object(Config\Cache), false)
 9 SYSTEMPATH\Boot.php(334): CodeIgniter\CodeIgniter->run()
10 SYSTEMPATH\Boot.php(67): CodeIgniter\Boot::runCodeIgniter(Object(CodeIgniter\CodeIgniter))
11 FCPATH\index.php(56): CodeIgniter\Boot::bootWeb(Object(Config\Paths))
CRITICAL - 2024-12-29 10:13:49 --> ErrorException: Undefined variable $web
[Method: GET, Route: Auth]
in APPPATH\Views\v_login.php on line 23.
 1 APPPATH\Views\v_login.php(23): CodeIgniter\Debug\Exceptions->errorHandler(2, 'Undefined variable $web', 'C:\\wamp64\\www\\SI-PMII-Jambi\\app\\Views\\v_login.php', 23)
 2 SYSTEMPATH\View\View.php(234): include('C:\\wamp64\\www\\SI-PMII-Jambi\\app\\Views\\v_login.php')
 3 SYSTEMPATH\View\View.php(237): CodeIgniter\View\View->CodeIgniter\View\{closure}()
 4 SYSTEMPATH\Common.php(1171): CodeIgniter\View\View->render('v_login', [], true)
 5 APPPATH\Controllers\Auth.php(16): view('v_login', [...])
 6 SYSTEMPATH\CodeIgniter.php(933): App\Controllers\Auth->index()
 7 SYSTEMPATH\CodeIgniter.php(509): CodeIgniter\CodeIgniter->runController(Object(App\Controllers\Auth))
 8 SYSTEMPATH\CodeIgniter.php(355): CodeIgniter\CodeIgniter->handleRequest(null, Object(Config\Cache), false)
 9 SYSTEMPATH\Boot.php(334): CodeIgniter\CodeIgniter->run()
10 SYSTEMPATH\Boot.php(67): CodeIgniter\Boot::runCodeIgniter(Object(CodeIgniter\CodeIgniter))
11 FCPATH\index.php(56): CodeIgniter\Boot::bootWeb(Object(Config\Paths))
CRITICAL - 2024-12-29 10:13:50 --> ErrorException: Undefined variable $web
[Method: GET, Route: Auth]
in APPPATH\Views\v_login.php on line 23.
 1 APPPATH\Views\v_login.php(23): CodeIgniter\Debug\Exceptions->errorHandler(2, 'Undefined variable $web', 'C:\\wamp64\\www\\SI-PMII-Jambi\\app\\Views\\v_login.php', 23)
 2 SYSTEMPATH\View\View.php(234): include('C:\\wamp64\\www\\SI-PMII-Jambi\\app\\Views\\v_login.php')
 3 SYSTEMPATH\View\View.php(237): CodeIgniter\View\View->CodeIgniter\View\{closure}()
 4 SYSTEMPATH\Common.php(1171): CodeIgniter\View\View->render('v_login', [], true)
 5 APPPATH\Controllers\Auth.php(16): view('v_login', [...])
 6 SYSTEMPATH\CodeIgniter.php(933): App\Controllers\Auth->index()
 7 SYSTEMPATH\CodeIgniter.php(509): CodeIgniter\CodeIgniter->runController(Object(App\Controllers\Auth))
 8 SYSTEMPATH\CodeIgniter.php(355): CodeIgniter\CodeIgniter->handleRequest(null, Object(Config\Cache), false)
 9 SYSTEMPATH\Boot.php(334): CodeIgniter\CodeIgniter->run()
10 SYSTEMPATH\Boot.php(67): CodeIgniter\Boot::runCodeIgniter(Object(CodeIgniter\CodeIgniter))
11 FCPATH\index.php(56): CodeIgniter\Boot::bootWeb(Object(Config\Paths))
CRITICAL - 2024-12-29 10:17:35 --> CodeIgniter\HTTP\Exceptions\BadRequestException: The URI you submitted has disallowed characters: "logo pmii.pngalt="
[Method: GET, Route: public/assets/logo%20pmii.pngalt=]
in SYSTEMPATH\Router\Router.php on line 737.
 1 SYSTEMPATH\Router\Router.php(204): CodeIgniter\Router\Router->checkDisallowedChars('public/assets/logo pmii.pngalt=')
 2 SYSTEMPATH\CodeIgniter.php(834): CodeIgniter\Router\Router->handle('public/assets/logo pmii.pngalt=')
 3 SYSTEMPATH\CodeIgniter.php(457): CodeIgniter\CodeIgniter->tryToRouteIt(Object(CodeIgniter\Router\RouteCollection))
 4 SYSTEMPATH\CodeIgniter.php(355): CodeIgniter\CodeIgniter->handleRequest(null, Object(Config\Cache), false)
 5 SYSTEMPATH\Boot.php(334): CodeIgniter\CodeIgniter->run()
 6 SYSTEMPATH\Boot.php(67): CodeIgniter\Boot::runCodeIgniter(Object(CodeIgniter\CodeIgniter))
 7 FCPATH\index.php(56): CodeIgniter\Boot::bootWeb(Object(Config\Paths))
CRITICAL - 2024-12-29 10:19:33 --> ParseError: syntax error, unexpected identifier "logo", expecting ")"
[Method: GET, Route: Auth]
in APPPATH\Views\v_login.php on line 23.
 1 SYSTEMPATH\View\View.php(237): CodeIgniter\View\View->CodeIgniter\View\{closure}()
 2 SYSTEMPATH\Common.php(1171): CodeIgniter\View\View->render('v_login', [], true)
 3 APPPATH\Controllers\Auth.php(16): view('v_login', [...])
 4 SYSTEMPATH\CodeIgniter.php(933): App\Controllers\Auth->index()
 5 SYSTEMPATH\CodeIgniter.php(509): CodeIgniter\CodeIgniter->runController(Object(App\Controllers\Auth))
 6 SYSTEMPATH\CodeIgniter.php(355): CodeIgniter\CodeIgniter->handleRequest(null, Object(Config\Cache), false)
 7 SYSTEMPATH\Boot.php(334): CodeIgniter\CodeIgniter->run()
 8 SYSTEMPATH\Boot.php(67): CodeIgniter\Boot::runCodeIgniter(Object(CodeIgniter\CodeIgniter))
 9 FCPATH\index.php(56): CodeIgniter\Boot::bootWeb(Object(Config\Paths))
CRITICAL - 2024-12-29 10:20:36 --> ErrorException: Undefined variable $web
[Method: GET, Route: Auth]
in APPPATH\Views\v_login.php on line 23.
 1 APPPATH\Views\v_login.php(23): CodeIgniter\Debug\Exceptions->errorHandler(2, 'Undefined variable $web', 'C:\\wamp64\\www\\SI-PMII-Jambi\\app\\Views\\v_login.php', 23)
 2 SYSTEMPATH\View\View.php(234): include('C:\\wamp64\\www\\SI-PMII-Jambi\\app\\Views\\v_login.php')
 3 SYSTEMPATH\View\View.php(237): CodeIgniter\View\View->CodeIgniter\View\{closure}()
 4 SYSTEMPATH\Common.php(1171): CodeIgniter\View\View->render('v_login', [], true)
 5 APPPATH\Controllers\Auth.php(16): view('v_login', [...])
 6 SYSTEMPATH\CodeIgniter.php(933): App\Controllers\Auth->index()
 7 SYSTEMPATH\CodeIgniter.php(509): CodeIgniter\CodeIgniter->runController(Object(App\Controllers\Auth))
 8 SYSTEMPATH\CodeIgniter.php(355): CodeIgniter\CodeIgniter->handleRequest(null, Object(Config\Cache), false)
 9 SYSTEMPATH\Boot.php(334): CodeIgniter\CodeIgniter->run()
10 SYSTEMPATH\Boot.php(67): CodeIgniter\Boot::runCodeIgniter(Object(CodeIgniter\CodeIgniter))
11 FCPATH\index.php(56): CodeIgniter\Boot::bootWeb(Object(Config\Paths))
CRITICAL - 2024-12-29 10:20:37 --> ErrorException: Undefined variable $web
[Method: GET, Route: Auth]
in APPPATH\Views\v_login.php on line 23.
 1 APPPATH\Views\v_login.php(23): CodeIgniter\Debug\Exceptions->errorHandler(2, 'Undefined variable $web', 'C:\\wamp64\\www\\SI-PMII-Jambi\\app\\Views\\v_login.php', 23)
 2 SYSTEMPATH\View\View.php(234): include('C:\\wamp64\\www\\SI-PMII-Jambi\\app\\Views\\v_login.php')
 3 SYSTEMPATH\View\View.php(237): CodeIgniter\View\View->CodeIgniter\View\{closure}()
 4 SYSTEMPATH\Common.php(1171): CodeIgniter\View\View->render('v_login', [], true)
 5 APPPATH\Controllers\Auth.php(16): view('v_login', [...])
 6 SYSTEMPATH\CodeIgniter.php(933): App\Controllers\Auth->index()
 7 SYSTEMPATH\CodeIgniter.php(509): CodeIgniter\CodeIgniter->runController(Object(App\Controllers\Auth))
 8 SYSTEMPATH\CodeIgniter.php(355): CodeIgniter\CodeIgniter->handleRequest(null, Object(Config\Cache), false)
 9 SYSTEMPATH\Boot.php(334): CodeIgniter\CodeIgniter->run()
10 SYSTEMPATH\Boot.php(67): CodeIgniter\Boot::runCodeIgniter(Object(CodeIgniter\CodeIgniter))
11 FCPATH\index.php(56): CodeIgniter\Boot::bootWeb(Object(Config\Paths))
CRITICAL - 2024-12-29 10:20:37 --> ErrorException: Undefined variable $web
[Method: GET, Route: Auth]
in APPPATH\Views\v_login.php on line 23.
 1 APPPATH\Views\v_login.php(23): CodeIgniter\Debug\Exceptions->errorHandler(2, 'Undefined variable $web', 'C:\\wamp64\\www\\SI-PMII-Jambi\\app\\Views\\v_login.php', 23)
 2 SYSTEMPATH\View\View.php(234): include('C:\\wamp64\\www\\SI-PMII-Jambi\\app\\Views\\v_login.php')
 3 SYSTEMPATH\View\View.php(237): CodeIgniter\View\View->CodeIgniter\View\{closure}()
 4 SYSTEMPATH\Common.php(1171): CodeIgniter\View\View->render('v_login', [], true)
 5 APPPATH\Controllers\Auth.php(16): view('v_login', [...])
 6 SYSTEMPATH\CodeIgniter.php(933): App\Controllers\Auth->index()
 7 SYSTEMPATH\CodeIgniter.php(509): CodeIgniter\CodeIgniter->runController(Object(App\Controllers\Auth))
 8 SYSTEMPATH\CodeIgniter.php(355): CodeIgniter\CodeIgniter->handleRequest(null, Object(Config\Cache), false)
 9 SYSTEMPATH\Boot.php(334): CodeIgniter\CodeIgniter->run()
10 SYSTEMPATH\Boot.php(67): CodeIgniter\Boot::runCodeIgniter(Object(CodeIgniter\CodeIgniter))
11 FCPATH\index.php(56): CodeIgniter\Boot::bootWeb(Object(Config\Paths))
CRITICAL - 2024-12-29 10:21:38 --> ErrorException: Undefined variable $web
[Method: GET, Route: Auth]
in APPPATH\Views\v_login.php on line 23.
 1 APPPATH\Views\v_login.php(23): CodeIgniter\Debug\Exceptions->errorHandler(2, 'Undefined variable $web', 'C:\\wamp64\\www\\SI-PMII-Jambi\\app\\Views\\v_login.php', 23)
 2 SYSTEMPATH\View\View.php(234): include('C:\\wamp64\\www\\SI-PMII-Jambi\\app\\Views\\v_login.php')
 3 SYSTEMPATH\View\View.php(237): CodeIgniter\View\View->CodeIgniter\View\{closure}()
 4 SYSTEMPATH\Common.php(1171): CodeIgniter\View\View->render('v_login', [], true)
 5 APPPATH\Controllers\Auth.php(16): view('v_login', [...])
 6 SYSTEMPATH\CodeIgniter.php(933): App\Controllers\Auth->index()
 7 SYSTEMPATH\CodeIgniter.php(509): CodeIgniter\CodeIgniter->runController(Object(App\Controllers\Auth))
 8 SYSTEMPATH\CodeIgniter.php(355): CodeIgniter\CodeIgniter->handleRequest(null, Object(Config\Cache), false)
 9 SYSTEMPATH\Boot.php(334): CodeIgniter\CodeIgniter->run()
10 SYSTEMPATH\Boot.php(67): CodeIgniter\Boot::runCodeIgniter(Object(CodeIgniter\CodeIgniter))
11 FCPATH\index.php(56): CodeIgniter\Boot::bootWeb(Object(Config\Paths))
CRITICAL - 2024-12-29 10:23:51 --> ErrorException: Undefined variable $web
[Method: GET, Route: Auth]
in APPPATH\Views\v_login.php on line 23.
 1 APPPATH\Views\v_login.php(23): CodeIgniter\Debug\Exceptions->errorHandler(2, 'Undefined variable $web', 'C:\\wamp64\\www\\SI-PMII-Jambi\\app\\Views\\v_login.php', 23)
 2 SYSTEMPATH\View\View.php(234): include('C:\\wamp64\\www\\SI-PMII-Jambi\\app\\Views\\v_login.php')
 3 SYSTEMPATH\View\View.php(237): CodeIgniter\View\View->CodeIgniter\View\{closure}()
 4 SYSTEMPATH\Common.php(1171): CodeIgniter\View\View->render('v_login', [], true)
 5 APPPATH\Controllers\Auth.php(16): view('v_login', [...])
 6 SYSTEMPATH\CodeIgniter.php(933): App\Controllers\Auth->index()
 7 SYSTEMPATH\CodeIgniter.php(509): CodeIgniter\CodeIgniter->runController(Object(App\Controllers\Auth))
 8 SYSTEMPATH\CodeIgniter.php(355): CodeIgniter\CodeIgniter->handleRequest(null, Object(Config\Cache), false)
 9 SYSTEMPATH\Boot.php(334): CodeIgniter\CodeIgniter->run()
10 SYSTEMPATH\Boot.php(67): CodeIgniter\Boot::runCodeIgniter(Object(CodeIgniter\CodeIgniter))
11 FCPATH\index.php(56): CodeIgniter\Boot::bootWeb(Object(Config\Paths))
CRITICAL - 2024-12-29 10:23:52 --> ErrorException: Undefined variable $web
[Method: GET, Route: Auth]
in APPPATH\Views\v_login.php on line 23.
 1 APPPATH\Views\v_login.php(23): CodeIgniter\Debug\Exceptions->errorHandler(2, 'Undefined variable $web', 'C:\\wamp64\\www\\SI-PMII-Jambi\\app\\Views\\v_login.php', 23)
 2 SYSTEMPATH\View\View.php(234): include('C:\\wamp64\\www\\SI-PMII-Jambi\\app\\Views\\v_login.php')
 3 SYSTEMPATH\View\View.php(237): CodeIgniter\View\View->CodeIgniter\View\{closure}()
 4 SYSTEMPATH\Common.php(1171): CodeIgniter\View\View->render('v_login', [], true)
 5 APPPATH\Controllers\Auth.php(16): view('v_login', [...])
 6 SYSTEMPATH\CodeIgniter.php(933): App\Controllers\Auth->index()
 7 SYSTEMPATH\CodeIgniter.php(509): CodeIgniter\CodeIgniter->runController(Object(App\Controllers\Auth))
 8 SYSTEMPATH\CodeIgniter.php(355): CodeIgniter\CodeIgniter->handleRequest(null, Object(Config\Cache), false)
 9 SYSTEMPATH\Boot.php(334): CodeIgniter\CodeIgniter->run()
10 SYSTEMPATH\Boot.php(67): CodeIgniter\Boot::runCodeIgniter(Object(CodeIgniter\CodeIgniter))
11 FCPATH\index.php(56): CodeIgniter\Boot::bootWeb(Object(Config\Paths))
CRITICAL - 2024-12-29 10:25:02 --> TypeError: Cannot access offset of type string on string
[Method: GET, Route: Auth]
in APPPATH\Views\v_login.php on line 23.
 1 SYSTEMPATH\View\View.php(234): include()
 2 SYSTEMPATH\View\View.php(237): CodeIgniter\View\View->CodeIgniter\View\{closure}()
 3 SYSTEMPATH\Common.php(1171): CodeIgniter\View\View->render('v_login', [], true)
 4 APPPATH\Controllers\Auth.php(16): view('v_login', [...])
 5 SYSTEMPATH\CodeIgniter.php(933): App\Controllers\Auth->index()
 6 SYSTEMPATH\CodeIgniter.php(509): CodeIgniter\CodeIgniter->runController(Object(App\Controllers\Auth))
 7 SYSTEMPATH\CodeIgniter.php(355): CodeIgniter\CodeIgniter->handleRequest(null, Object(Config\Cache), false)
 8 SYSTEMPATH\Boot.php(334): CodeIgniter\CodeIgniter->run()
 9 SYSTEMPATH\Boot.php(67): CodeIgniter\Boot::runCodeIgniter(Object(CodeIgniter\CodeIgniter))
10 FCPATH\index.php(56): CodeIgniter\Boot::bootWeb(Object(Config\Paths))
CRITICAL - 2024-12-29 10:25:04 --> TypeError: Cannot access offset of type string on string
[Method: GET, Route: Auth]
in APPPATH\Views\v_login.php on line 23.
 1 SYSTEMPATH\View\View.php(234): include()
 2 SYSTEMPATH\View\View.php(237): CodeIgniter\View\View->CodeIgniter\View\{closure}()
 3 SYSTEMPATH\Common.php(1171): CodeIgniter\View\View->render('v_login', [], true)
 4 APPPATH\Controllers\Auth.php(16): view('v_login', [...])
 5 SYSTEMPATH\CodeIgniter.php(933): App\Controllers\Auth->index()
 6 SYSTEMPATH\CodeIgniter.php(509): CodeIgniter\CodeIgniter->runController(Object(App\Controllers\Auth))
 7 SYSTEMPATH\CodeIgniter.php(355): CodeIgniter\CodeIgniter->handleRequest(null, Object(Config\Cache), false)
 8 SYSTEMPATH\Boot.php(334): CodeIgniter\CodeIgniter->run()
 9 SYSTEMPATH\Boot.php(67): CodeIgniter\Boot::runCodeIgniter(Object(CodeIgniter\CodeIgniter))
10 FCPATH\index.php(56): CodeIgniter\Boot::bootWeb(Object(Config\Paths))
CRITICAL - 2024-12-29 10:25:33 --> ParseError: syntax error, unexpected identifier "logopmii", expecting "]"
[Method: GET, Route: Auth]
in APPPATH\Views\v_login.php on line 23.
 1 SYSTEMPATH\View\View.php(237): CodeIgniter\View\View->CodeIgniter\View\{closure}()
 2 SYSTEMPATH\Common.php(1171): CodeIgniter\View\View->render('v_login', [], true)
 3 APPPATH\Controllers\Auth.php(16): view('v_login', [...])
 4 SYSTEMPATH\CodeIgniter.php(933): App\Controllers\Auth->index()
 5 SYSTEMPATH\CodeIgniter.php(509): CodeIgniter\CodeIgniter->runController(Object(App\Controllers\Auth))
 6 SYSTEMPATH\CodeIgniter.php(355): CodeIgniter\CodeIgniter->handleRequest(null, Object(Config\Cache), false)
 7 SYSTEMPATH\Boot.php(334): CodeIgniter\CodeIgniter->run()
 8 SYSTEMPATH\Boot.php(67): CodeIgniter\Boot::runCodeIgniter(Object(CodeIgniter\CodeIgniter))
 9 FCPATH\index.php(56): CodeIgniter\Boot::bootWeb(Object(Config\Paths))
CRITICAL - 2024-12-29 10:32:04 --> ErrorException: Undefined variable $web
[Method: GET, Route: Auth]
in APPPATH\Views\v_login.php on line 23.
 1 APPPATH\Views\v_login.php(23): CodeIgniter\Debug\Exceptions->errorHandler(2, 'Undefined variable $web', 'C:\\wamp64\\www\\SI-PMII-Jambi\\app\\Views\\v_login.php', 23)
 2 SYSTEMPATH\View\View.php(234): include('C:\\wamp64\\www\\SI-PMII-Jambi\\app\\Views\\v_login.php')
 3 SYSTEMPATH\View\View.php(237): CodeIgniter\View\View->CodeIgniter\View\{closure}()
 4 SYSTEMPATH\Common.php(1171): CodeIgniter\View\View->render('v_login', [], true)
 5 APPPATH\Controllers\Auth.php(16): view('v_login', [...])
 6 SYSTEMPATH\CodeIgniter.php(933): App\Controllers\Auth->index()
 7 SYSTEMPATH\CodeIgniter.php(509): CodeIgniter\CodeIgniter->runController(Object(App\Controllers\Auth))
 8 SYSTEMPATH\CodeIgniter.php(355): CodeIgniter\CodeIgniter->handleRequest(null, Object(Config\Cache), false)
 9 SYSTEMPATH\Boot.php(334): CodeIgniter\CodeIgniter->run()
10 SYSTEMPATH\Boot.php(67): CodeIgniter\Boot::runCodeIgniter(Object(CodeIgniter\CodeIgniter))
11 FCPATH\index.php(56): CodeIgniter\Boot::bootWeb(Object(Config\Paths))
CRITICAL - 2024-12-29 16:14:12 --> ErrorException: Undefined array key "logo pmii"
[Method: GET, Route: Auth]
in APPPATH\Views\v_login.php on line 23.
 1 APPPATH\Views\v_login.php(23): CodeIgniter\Debug\Exceptions->errorHandler(2, 'Undefined array key "logo pmii"', 'C:\\wamp64\\www\\SI-PMII-Jambi\\app\\Views\\v_login.php', 23)
 2 SYSTEMPATH\View\View.php(234): include('C:\\wamp64\\www\\SI-PMII-Jambi\\app\\Views\\v_login.php')
 3 SYSTEMPATH\View\View.php(237): CodeIgniter\View\View->CodeIgniter\View\{closure}()
 4 SYSTEMPATH\Common.php(1171): CodeIgniter\View\View->render('v_login', [], true)
 5 APPPATH\Controllers\Auth.php(23): view('v_login', [...])
 6 SYSTEMPATH\CodeIgniter.php(933): App\Controllers\Auth->index()
 7 SYSTEMPATH\CodeIgniter.php(509): CodeIgniter\CodeIgniter->runController(Object(App\Controllers\Auth))
 8 SYSTEMPATH\CodeIgniter.php(355): CodeIgniter\CodeIgniter->handleRequest(null, Object(Config\Cache), false)
 9 SYSTEMPATH\Boot.php(334): CodeIgniter\CodeIgniter->run()
10 SYSTEMPATH\Boot.php(67): CodeIgniter\Boot::runCodeIgniter(Object(CodeIgniter\CodeIgniter))
11 FCPATH\index.php(56): CodeIgniter\Boot::bootWeb(Object(Config\Paths))
CRITICAL - 2024-12-29 16:14:13 --> ErrorException: Undefined array key "logo pmii"
[Method: GET, Route: Auth]
in APPPATH\Views\v_login.php on line 23.
 1 APPPATH\Views\v_login.php(23): CodeIgniter\Debug\Exceptions->errorHandler(2, 'Undefined array key "logo pmii"', 'C:\\wamp64\\www\\SI-PMII-Jambi\\app\\Views\\v_login.php', 23)
 2 SYSTEMPATH\View\View.php(234): include('C:\\wamp64\\www\\SI-PMII-Jambi\\app\\Views\\v_login.php')
 3 SYSTEMPATH\View\View.php(237): CodeIgniter\View\View->CodeIgniter\View\{closure}()
 4 SYSTEMPATH\Common.php(1171): CodeIgniter\View\View->render('v_login', [], true)
 5 APPPATH\Controllers\Auth.php(23): view('v_login', [...])
 6 SYSTEMPATH\CodeIgniter.php(933): App\Controllers\Auth->index()
 7 SYSTEMPATH\CodeIgniter.php(509): CodeIgniter\CodeIgniter->runController(Object(App\Controllers\Auth))
 8 SYSTEMPATH\CodeIgniter.php(355): CodeIgniter\CodeIgniter->handleRequest(null, Object(Config\Cache), false)
 9 SYSTEMPATH\Boot.php(334): CodeIgniter\CodeIgniter->run()
10 SYSTEMPATH\Boot.php(67): CodeIgniter\Boot::runCodeIgniter(Object(CodeIgniter\CodeIgniter))
11 FCPATH\index.php(56): CodeIgniter\Boot::bootWeb(Object(Config\Paths))
CRITICAL - 2024-12-29 16:14:13 --> ErrorException: Undefined array key "logo pmii"
[Method: GET, Route: Auth]
in APPPATH\Views\v_login.php on line 23.
 1 APPPATH\Views\v_login.php(23): CodeIgniter\Debug\Exceptions->errorHandler(2, 'Undefined array key "logo pmii"', 'C:\\wamp64\\www\\SI-PMII-Jambi\\app\\Views\\v_login.php', 23)
 2 SYSTEMPATH\View\View.php(234): include('C:\\wamp64\\www\\SI-PMII-Jambi\\app\\Views\\v_login.php')
 3 SYSTEMPATH\View\View.php(237): CodeIgniter\View\View->CodeIgniter\View\{closure}()
 4 SYSTEMPATH\Common.php(1171): CodeIgniter\View\View->render('v_login', [], true)
 5 APPPATH\Controllers\Auth.php(23): view('v_login', [...])
 6 SYSTEMPATH\CodeIgniter.php(933): App\Controllers\Auth->index()
 7 SYSTEMPATH\CodeIgniter.php(509): CodeIgniter\CodeIgniter->runController(Object(App\Controllers\Auth))
 8 SYSTEMPATH\CodeIgniter.php(355): CodeIgniter\CodeIgniter->handleRequest(null, Object(Config\Cache), false)
 9 SYSTEMPATH\Boot.php(334): CodeIgniter\CodeIgniter->run()
10 SYSTEMPATH\Boot.php(67): CodeIgniter\Boot::runCodeIgniter(Object(CodeIgniter\CodeIgniter))
11 FCPATH\index.php(56): CodeIgniter\Boot::bootWeb(Object(Config\Paths))
CRITICAL - 2024-12-29 16:14:13 --> ErrorException: Undefined array key "logo pmii"
[Method: GET, Route: Auth]
in APPPATH\Views\v_login.php on line 23.
 1 APPPATH\Views\v_login.php(23): CodeIgniter\Debug\Exceptions->errorHandler(2, 'Undefined array key "logo pmii"', 'C:\\wamp64\\www\\SI-PMII-Jambi\\app\\Views\\v_login.php', 23)
 2 SYSTEMPATH\View\View.php(234): include('C:\\wamp64\\www\\SI-PMII-Jambi\\app\\Views\\v_login.php')
 3 SYSTEMPATH\View\View.php(237): CodeIgniter\View\View->CodeIgniter\View\{closure}()
 4 SYSTEMPATH\Common.php(1171): CodeIgniter\View\View->render('v_login', [], true)
 5 APPPATH\Controllers\Auth.php(23): view('v_login', [...])
 6 SYSTEMPATH\CodeIgniter.php(933): App\Controllers\Auth->index()
 7 SYSTEMPATH\CodeIgniter.php(509): CodeIgniter\CodeIgniter->runController(Object(App\Controllers\Auth))
 8 SYSTEMPATH\CodeIgniter.php(355): CodeIgniter\CodeIgniter->handleRequest(null, Object(Config\Cache), false)
 9 SYSTEMPATH\Boot.php(334): CodeIgniter\CodeIgniter->run()
10 SYSTEMPATH\Boot.php(67): CodeIgniter\Boot::runCodeIgniter(Object(CodeIgniter\CodeIgniter))
11 FCPATH\index.php(56): CodeIgniter\Boot::bootWeb(Object(Config\Paths))
CRITICAL - 2024-12-29 16:14:29 --> ErrorException: Undefined array key "logopmii"
[Method: GET, Route: Auth]
in APPPATH\Views\v_login.php on line 23.
 1 APPPATH\Views\v_login.php(23): CodeIgniter\Debug\Exceptions->errorHandler(2, 'Undefined array key "logopmii"', 'C:\\wamp64\\www\\SI-PMII-Jambi\\app\\Views\\v_login.php', 23)
 2 SYSTEMPATH\View\View.php(234): include('C:\\wamp64\\www\\SI-PMII-Jambi\\app\\Views\\v_login.php')
 3 SYSTEMPATH\View\View.php(237): CodeIgniter\View\View->CodeIgniter\View\{closure}()
 4 SYSTEMPATH\Common.php(1171): CodeIgniter\View\View->render('v_login', [], true)
 5 APPPATH\Controllers\Auth.php(23): view('v_login', [...])
 6 SYSTEMPATH\CodeIgniter.php(933): App\Controllers\Auth->index()
 7 SYSTEMPATH\CodeIgniter.php(509): CodeIgniter\CodeIgniter->runController(Object(App\Controllers\Auth))
 8 SYSTEMPATH\CodeIgniter.php(355): CodeIgniter\CodeIgniter->handleRequest(null, Object(Config\Cache), false)
 9 SYSTEMPATH\Boot.php(334): CodeIgniter\CodeIgniter->run()
10 SYSTEMPATH\Boot.php(67): CodeIgniter\Boot::runCodeIgniter(Object(CodeIgniter\CodeIgniter))
11 FCPATH\index.php(56): CodeIgniter\Boot::bootWeb(Object(Config\Paths))
CRITICAL - 2024-12-29 16:14:30 --> ErrorException: Undefined array key "logopmii"
[Method: GET, Route: Auth]
in APPPATH\Views\v_login.php on line 23.
 1 APPPATH\Views\v_login.php(23): CodeIgniter\Debug\Exceptions->errorHandler(2, 'Undefined array key "logopmii"', 'C:\\wamp64\\www\\SI-PMII-Jambi\\app\\Views\\v_login.php', 23)
 2 SYSTEMPATH\View\View.php(234): include('C:\\wamp64\\www\\SI-PMII-Jambi\\app\\Views\\v_login.php')
 3 SYSTEMPATH\View\View.php(237): CodeIgniter\View\View->CodeIgniter\View\{closure}()
 4 SYSTEMPATH\Common.php(1171): CodeIgniter\View\View->render('v_login', [], true)
 5 APPPATH\Controllers\Auth.php(23): view('v_login', [...])
 6 SYSTEMPATH\CodeIgniter.php(933): App\Controllers\Auth->index()
 7 SYSTEMPATH\CodeIgniter.php(509): CodeIgniter\CodeIgniter->runController(Object(App\Controllers\Auth))
 8 SYSTEMPATH\CodeIgniter.php(355): CodeIgniter\CodeIgniter->handleRequest(null, Object(Config\Cache), false)
 9 SYSTEMPATH\Boot.php(334): CodeIgniter\CodeIgniter->run()
10 SYSTEMPATH\Boot.php(67): CodeIgniter\Boot::runCodeIgniter(Object(CodeIgniter\CodeIgniter))
11 FCPATH\index.php(56): CodeIgniter\Boot::bootWeb(Object(Config\Paths))
CRITICAL - 2024-12-29 16:18:19 --> ErrorException: Undefined array key "logopmii"
[Method: GET, Route: Auth]
in APPPATH\Views\v_login.php on line 23.
 1 APPPATH\Views\v_login.php(23): CodeIgniter\Debug\Exceptions->errorHandler(2, 'Undefined array key "logopmii"', 'C:\\wamp64\\www\\SI-PMII-Jambi\\app\\Views\\v_login.php', 23)
 2 SYSTEMPATH\View\View.php(234): include('C:\\wamp64\\www\\SI-PMII-Jambi\\app\\Views\\v_login.php')
 3 SYSTEMPATH\View\View.php(237): CodeIgniter\View\View->CodeIgniter\View\{closure}()
 4 SYSTEMPATH\Common.php(1171): CodeIgniter\View\View->render('v_login', [], true)
 5 APPPATH\Controllers\Auth.php(23): view('v_login', [...])
 6 SYSTEMPATH\CodeIgniter.php(933): App\Controllers\Auth->index()
 7 SYSTEMPATH\CodeIgniter.php(509): CodeIgniter\CodeIgniter->runController(Object(App\Controllers\Auth))
 8 SYSTEMPATH\CodeIgniter.php(355): CodeIgniter\CodeIgniter->handleRequest(null, Object(Config\Cache), false)
 9 SYSTEMPATH\Boot.php(334): CodeIgniter\CodeIgniter->run()
10 SYSTEMPATH\Boot.php(67): CodeIgniter\Boot::runCodeIgniter(Object(CodeIgniter\CodeIgniter))
11 FCPATH\index.php(56): CodeIgniter\Boot::bootWeb(Object(Config\Paths))
CRITICAL - 2024-12-29 16:22:52 --> ErrorException: Undefined array key "nama_sekolah"
[Method: GET, Route: Auth]
in APPPATH\Views\v_login.php on line 24.
 1 APPPATH\Views\v_login.php(24): CodeIgniter\Debug\Exceptions->errorHandler(2, 'Undefined array key "nama_sekolah"', 'C:\\wamp64\\www\\SI-PMII-Jambi\\app\\Views\\v_login.php', 24)
 2 SYSTEMPATH\View\View.php(234): include('C:\\wamp64\\www\\SI-PMII-Jambi\\app\\Views\\v_login.php')
 3 SYSTEMPATH\View\View.php(237): CodeIgniter\View\View->CodeIgniter\View\{closure}()
 4 SYSTEMPATH\Common.php(1171): CodeIgniter\View\View->render('v_login', [], true)
 5 APPPATH\Controllers\Auth.php(23): view('v_login', [...])
 6 SYSTEMPATH\CodeIgniter.php(933): App\Controllers\Auth->index()
 7 SYSTEMPATH\CodeIgniter.php(509): CodeIgniter\CodeIgniter->runController(Object(App\Controllers\Auth))
 8 SYSTEMPATH\CodeIgniter.php(355): CodeIgniter\CodeIgniter->handleRequest(null, Object(Config\Cache), false)
 9 SYSTEMPATH\Boot.php(334): CodeIgniter\CodeIgniter->run()
10 SYSTEMPATH\Boot.php(67): CodeIgniter\Boot::runCodeIgniter(Object(CodeIgniter\CodeIgniter))
11 FCPATH\index.php(56): CodeIgniter\Boot::bootWeb(Object(Config\Paths))
CRITICAL - 2024-12-29 17:14:43 --> ParseError: syntax error, unexpected single-quoted string "errors", expecting "]"
[Method: GET, Route: Auth]
in APPPATH\Controllers\Auth.php on line 33.
 1 SYSTEMPATH\Router\Router.php(563): CodeIgniter\Router\AutoRouter->getRoute('Auth', 'GET')
 2 SYSTEMPATH\Router\Router.php(228): CodeIgniter\Router\Router->autoRoute('Auth')
 3 SYSTEMPATH\CodeIgniter.php(834): CodeIgniter\Router\Router->handle('Auth')
 4 SYSTEMPATH\CodeIgniter.php(457): CodeIgniter\CodeIgniter->tryToRouteIt(Object(CodeIgniter\Router\RouteCollection))
 5 SYSTEMPATH\CodeIgniter.php(355): CodeIgniter\CodeIgniter->handleRequest(null, Object(Config\Cache), false)
 6 SYSTEMPATH\Boot.php(334): CodeIgniter\CodeIgniter->run()
 7 SYSTEMPATH\Boot.php(67): CodeIgniter\Boot::runCodeIgniter(Object(CodeIgniter\CodeIgniter))
 8 FCPATH\index.php(56): CodeIgniter\Boot::bootWeb(Object(Config\Paths))
CRITICAL - 2024-12-29 17:14:43 --> ParseError: syntax error, unexpected single-quoted string "errors", expecting "]"
[Method: GET, Route: Auth]
in APPPATH\Controllers\Auth.php on line 33.
 1 SYSTEMPATH\Router\Router.php(563): CodeIgniter\Router\AutoRouter->getRoute('Auth', 'GET')
 2 SYSTEMPATH\Router\Router.php(228): CodeIgniter\Router\Router->autoRoute('Auth')
 3 SYSTEMPATH\CodeIgniter.php(834): CodeIgniter\Router\Router->handle('Auth')
 4 SYSTEMPATH\CodeIgniter.php(457): CodeIgniter\CodeIgniter->tryToRouteIt(Object(CodeIgniter\Router\RouteCollection))
 5 SYSTEMPATH\CodeIgniter.php(355): CodeIgniter\CodeIgniter->handleRequest(null, Object(Config\Cache), false)
 6 SYSTEMPATH\Boot.php(334): CodeIgniter\CodeIgniter->run()
 7 SYSTEMPATH\Boot.php(67): CodeIgniter\Boot::runCodeIgniter(Object(CodeIgniter\CodeIgniter))
 8 FCPATH\index.php(56): CodeIgniter\Boot::bootWeb(Object(Config\Paths))
CRITICAL - 2024-12-29 17:14:44 --> ParseError: syntax error, unexpected single-quoted string "errors", expecting "]"
[Method: GET, Route: Auth]
in APPPATH\Controllers\Auth.php on line 33.
 1 SYSTEMPATH\Router\Router.php(563): CodeIgniter\Router\AutoRouter->getRoute('Auth', 'GET')
 2 SYSTEMPATH\Router\Router.php(228): CodeIgniter\Router\Router->autoRoute('Auth')
 3 SYSTEMPATH\CodeIgniter.php(834): CodeIgniter\Router\Router->handle('Auth')
 4 SYSTEMPATH\CodeIgniter.php(457): CodeIgniter\CodeIgniter->tryToRouteIt(Object(CodeIgniter\Router\RouteCollection))
 5 SYSTEMPATH\CodeIgniter.php(355): CodeIgniter\CodeIgniter->handleRequest(null, Object(Config\Cache), false)
 6 SYSTEMPATH\Boot.php(334): CodeIgniter\CodeIgniter->run()
 7 SYSTEMPATH\Boot.php(67): CodeIgniter\Boot::runCodeIgniter(Object(CodeIgniter\CodeIgniter))
 8 FCPATH\index.php(56): CodeIgniter\Boot::bootWeb(Object(Config\Paths))
CRITICAL - 2024-12-29 17:14:44 --> ParseError: syntax error, unexpected single-quoted string "errors", expecting "]"
[Method: GET, Route: Auth]
in APPPATH\Controllers\Auth.php on line 33.
 1 SYSTEMPATH\Router\Router.php(563): CodeIgniter\Router\AutoRouter->getRoute('Auth', 'GET')
 2 SYSTEMPATH\Router\Router.php(228): CodeIgniter\Router\Router->autoRoute('Auth')
 3 SYSTEMPATH\CodeIgniter.php(834): CodeIgniter\Router\Router->handle('Auth')
 4 SYSTEMPATH\CodeIgniter.php(457): CodeIgniter\CodeIgniter->tryToRouteIt(Object(CodeIgniter\Router\RouteCollection))
 5 SYSTEMPATH\CodeIgniter.php(355): CodeIgniter\CodeIgniter->handleRequest(null, Object(Config\Cache), false)
 6 SYSTEMPATH\Boot.php(334): CodeIgniter\CodeIgniter->run()
 7 SYSTEMPATH\Boot.php(67): CodeIgniter\Boot::runCodeIgniter(Object(CodeIgniter\CodeIgniter))
 8 FCPATH\index.php(56): CodeIgniter\Boot::bootWeb(Object(Config\Paths))
CRITICAL - 2024-12-29 17:16:27 --> ParseError: syntax error, unexpected single-quoted string "errors", expecting "]"
[Method: GET, Route: Auth]
in APPPATH\Controllers\Auth.php on line 33.
 1 SYSTEMPATH\Router\Router.php(563): CodeIgniter\Router\AutoRouter->getRoute('Auth', 'GET')
 2 SYSTEMPATH\Router\Router.php(228): CodeIgniter\Router\Router->autoRoute('Auth')
 3 SYSTEMPATH\CodeIgniter.php(834): CodeIgniter\Router\Router->handle('Auth')
 4 SYSTEMPATH\CodeIgniter.php(457): CodeIgniter\CodeIgniter->tryToRouteIt(Object(CodeIgniter\Router\RouteCollection))
 5 SYSTEMPATH\CodeIgniter.php(355): CodeIgniter\CodeIgniter->handleRequest(null, Object(Config\Cache), false)
 6 SYSTEMPATH\Boot.php(334): CodeIgniter\CodeIgniter->run()
 7 SYSTEMPATH\Boot.php(67): CodeIgniter\Boot::runCodeIgniter(Object(CodeIgniter\CodeIgniter))
 8 FCPATH\index.php(56): CodeIgniter\Boot::bootWeb(Object(Config\Paths))
CRITICAL - 2024-12-29 17:16:27 --> ParseError: syntax error, unexpected single-quoted string "errors", expecting "]"
[Method: GET, Route: Auth]
in APPPATH\Controllers\Auth.php on line 33.
 1 SYSTEMPATH\Router\Router.php(563): CodeIgniter\Router\AutoRouter->getRoute('Auth', 'GET')
 2 SYSTEMPATH\Router\Router.php(228): CodeIgniter\Router\Router->autoRoute('Auth')
 3 SYSTEMPATH\CodeIgniter.php(834): CodeIgniter\Router\Router->handle('Auth')
 4 SYSTEMPATH\CodeIgniter.php(457): CodeIgniter\CodeIgniter->tryToRouteIt(Object(CodeIgniter\Router\RouteCollection))
 5 SYSTEMPATH\CodeIgniter.php(355): CodeIgniter\CodeIgniter->handleRequest(null, Object(Config\Cache), false)
 6 SYSTEMPATH\Boot.php(334): CodeIgniter\CodeIgniter->run()
 7 SYSTEMPATH\Boot.php(67): CodeIgniter\Boot::runCodeIgniter(Object(CodeIgniter\CodeIgniter))
 8 FCPATH\index.php(56): CodeIgniter\Boot::bootWeb(Object(Config\Paths))
CRITICAL - 2024-12-29 17:19:48 --> ParseError: syntax error, unexpected single-quoted string "errors", expecting "]"
[Method: GET, Route: Auth]
in APPPATH\Controllers\Auth.php on line 33.
 1 SYSTEMPATH\Router\Router.php(563): CodeIgniter\Router\AutoRouter->getRoute('Auth', 'GET')
 2 SYSTEMPATH\Router\Router.php(228): CodeIgniter\Router\Router->autoRoute('Auth')
 3 SYSTEMPATH\CodeIgniter.php(834): CodeIgniter\Router\Router->handle('Auth')
 4 SYSTEMPATH\CodeIgniter.php(457): CodeIgniter\CodeIgniter->tryToRouteIt(Object(CodeIgniter\Router\RouteCollection))
 5 SYSTEMPATH\CodeIgniter.php(355): CodeIgniter\CodeIgniter->handleRequest(null, Object(Config\Cache), false)
 6 SYSTEMPATH\Boot.php(334): CodeIgniter\CodeIgniter->run()
 7 SYSTEMPATH\Boot.php(67): CodeIgniter\Boot::runCodeIgniter(Object(CodeIgniter\CodeIgniter))
 8 FCPATH\index.php(56): CodeIgniter\Boot::bootWeb(Object(Config\Paths))
CRITICAL - 2024-12-29 17:19:49 --> ParseError: syntax error, unexpected single-quoted string "errors", expecting "]"
[Method: GET, Route: Auth]
in APPPATH\Controllers\Auth.php on line 33.
 1 SYSTEMPATH\Router\Router.php(563): CodeIgniter\Router\AutoRouter->getRoute('Auth', 'GET')
 2 SYSTEMPATH\Router\Router.php(228): CodeIgniter\Router\Router->autoRoute('Auth')
 3 SYSTEMPATH\CodeIgniter.php(834): CodeIgniter\Router\Router->handle('Auth')
 4 SYSTEMPATH\CodeIgniter.php(457): CodeIgniter\CodeIgniter->tryToRouteIt(Object(CodeIgniter\Router\RouteCollection))
 5 SYSTEMPATH\CodeIgniter.php(355): CodeIgniter\CodeIgniter->handleRequest(null, Object(Config\Cache), false)
 6 SYSTEMPATH\Boot.php(334): CodeIgniter\CodeIgniter->run()
 7 SYSTEMPATH\Boot.php(67): CodeIgniter\Boot::runCodeIgniter(Object(CodeIgniter\CodeIgniter))
 8 FCPATH\index.php(56): CodeIgniter\Boot::bootWeb(Object(Config\Paths))
CRITICAL - 2024-12-29 17:23:05 --> ParseError: syntax error, unexpected single-quoted string "errors", expecting "]"
[Method: GET, Route: Auth]
in APPPATH\Controllers\Auth.php on line 33.
 1 SYSTEMPATH\Router\Router.php(563): CodeIgniter\Router\AutoRouter->getRoute('Auth', 'GET')
 2 SYSTEMPATH\Router\Router.php(228): CodeIgniter\Router\Router->autoRoute('Auth')
 3 SYSTEMPATH\CodeIgniter.php(834): CodeIgniter\Router\Router->handle('Auth')
 4 SYSTEMPATH\CodeIgniter.php(457): CodeIgniter\CodeIgniter->tryToRouteIt(Object(CodeIgniter\Router\RouteCollection))
 5 SYSTEMPATH\CodeIgniter.php(355): CodeIgniter\CodeIgniter->handleRequest(null, Object(Config\Cache), false)
 6 SYSTEMPATH\Boot.php(334): CodeIgniter\CodeIgniter->run()
 7 SYSTEMPATH\Boot.php(67): CodeIgniter\Boot::runCodeIgniter(Object(CodeIgniter\CodeIgniter))
 8 FCPATH\index.php(56): CodeIgniter\Boot::bootWeb(Object(Config\Paths))
CRITICAL - 2024-12-29 17:23:06 --> ParseError: syntax error, unexpected single-quoted string "errors", expecting "]"
[Method: GET, Route: Auth]
in APPPATH\Controllers\Auth.php on line 33.
 1 SYSTEMPATH\Router\Router.php(563): CodeIgniter\Router\AutoRouter->getRoute('Auth', 'GET')
 2 SYSTEMPATH\Router\Router.php(228): CodeIgniter\Router\Router->autoRoute('Auth')
 3 SYSTEMPATH\CodeIgniter.php(834): CodeIgniter\Router\Router->handle('Auth')
 4 SYSTEMPATH\CodeIgniter.php(457): CodeIgniter\CodeIgniter->tryToRouteIt(Object(CodeIgniter\Router\RouteCollection))
 5 SYSTEMPATH\CodeIgniter.php(355): CodeIgniter\CodeIgniter->handleRequest(null, Object(Config\Cache), false)
 6 SYSTEMPATH\Boot.php(334): CodeIgniter\CodeIgniter->run()
 7 SYSTEMPATH\Boot.php(67): CodeIgniter\Boot::runCodeIgniter(Object(CodeIgniter\CodeIgniter))
 8 FCPATH\index.php(56): CodeIgniter\Boot::bootWeb(Object(Config\Paths))
CRITICAL - 2024-12-29 17:23:06 --> ParseError: syntax error, unexpected single-quoted string "errors", expecting "]"
[Method: GET, Route: Auth]
in APPPATH\Controllers\Auth.php on line 33.
 1 SYSTEMPATH\Router\Router.php(563): CodeIgniter\Router\AutoRouter->getRoute('Auth', 'GET')
 2 SYSTEMPATH\Router\Router.php(228): CodeIgniter\Router\Router->autoRoute('Auth')
 3 SYSTEMPATH\CodeIgniter.php(834): CodeIgniter\Router\Router->handle('Auth')
 4 SYSTEMPATH\CodeIgniter.php(457): CodeIgniter\CodeIgniter->tryToRouteIt(Object(CodeIgniter\Router\RouteCollection))
 5 SYSTEMPATH\CodeIgniter.php(355): CodeIgniter\CodeIgniter->handleRequest(null, Object(Config\Cache), false)
 6 SYSTEMPATH\Boot.php(334): CodeIgniter\CodeIgniter->run()
 7 SYSTEMPATH\Boot.php(67): CodeIgniter\Boot::runCodeIgniter(Object(CodeIgniter\CodeIgniter))
 8 FCPATH\index.php(56): CodeIgniter\Boot::bootWeb(Object(Config\Paths))
CRITICAL - 2024-12-29 17:23:06 --> ParseError: syntax error, unexpected single-quoted string "errors", expecting "]"
[Method: GET, Route: Auth]
in APPPATH\Controllers\Auth.php on line 33.
 1 SYSTEMPATH\Router\Router.php(563): CodeIgniter\Router\AutoRouter->getRoute('Auth', 'GET')
 2 SYSTEMPATH\Router\Router.php(228): CodeIgniter\Router\Router->autoRoute('Auth')
 3 SYSTEMPATH\CodeIgniter.php(834): CodeIgniter\Router\Router->handle('Auth')
 4 SYSTEMPATH\CodeIgniter.php(457): CodeIgniter\CodeIgniter->tryToRouteIt(Object(CodeIgniter\Router\RouteCollection))
 5 SYSTEMPATH\CodeIgniter.php(355): CodeIgniter\CodeIgniter->handleRequest(null, Object(Config\Cache), false)
 6 SYSTEMPATH\Boot.php(334): CodeIgniter\CodeIgniter->run()
 7 SYSTEMPATH\Boot.php(67): CodeIgniter\Boot::runCodeIgniter(Object(CodeIgniter\CodeIgniter))
 8 FCPATH\index.php(56): CodeIgniter\Boot::bootWeb(Object(Config\Paths))
CRITICAL - 2024-12-29 17:26:27 --> ParseError: syntax error, unexpected single-quoted string "errors", expecting "]"
[Method: GET, Route: Auth]
in APPPATH\Controllers\Auth.php on line 33.
 1 SYSTEMPATH\Router\Router.php(563): CodeIgniter\Router\AutoRouter->getRoute('Auth', 'GET')
 2 SYSTEMPATH\Router\Router.php(228): CodeIgniter\Router\Router->autoRoute('Auth')
 3 SYSTEMPATH\CodeIgniter.php(834): CodeIgniter\Router\Router->handle('Auth')
 4 SYSTEMPATH\CodeIgniter.php(457): CodeIgniter\CodeIgniter->tryToRouteIt(Object(CodeIgniter\Router\RouteCollection))
 5 SYSTEMPATH\CodeIgniter.php(355): CodeIgniter\CodeIgniter->handleRequest(null, Object(Config\Cache), false)
 6 SYSTEMPATH\Boot.php(334): CodeIgniter\CodeIgniter->run()
 7 SYSTEMPATH\Boot.php(67): CodeIgniter\Boot::runCodeIgniter(Object(CodeIgniter\CodeIgniter))
 8 FCPATH\index.php(56): CodeIgniter\Boot::bootWeb(Object(Config\Paths))
CRITICAL - 2024-12-29 17:27:15 --> ParseError: syntax error, unexpected single-quoted string "errors", expecting "]"
[Method: GET, Route: Auth]
in APPPATH\Controllers\Auth.php on line 33.
 1 SYSTEMPATH\Router\Router.php(563): CodeIgniter\Router\AutoRouter->getRoute('Auth', 'GET')
 2 SYSTEMPATH\Router\Router.php(228): CodeIgniter\Router\Router->autoRoute('Auth')
 3 SYSTEMPATH\CodeIgniter.php(834): CodeIgniter\Router\Router->handle('Auth')
 4 SYSTEMPATH\CodeIgniter.php(457): CodeIgniter\CodeIgniter->tryToRouteIt(Object(CodeIgniter\Router\RouteCollection))
 5 SYSTEMPATH\CodeIgniter.php(355): CodeIgniter\CodeIgniter->handleRequest(null, Object(Config\Cache), false)
 6 SYSTEMPATH\Boot.php(334): CodeIgniter\CodeIgniter->run()
 7 SYSTEMPATH\Boot.php(67): CodeIgniter\Boot::runCodeIgniter(Object(CodeIgniter\CodeIgniter))
 8 FCPATH\index.php(56): CodeIgniter\Boot::bootWeb(Object(Config\Paths))
CRITICAL - 2024-12-29 18:45:37 --> ErrorException: Undefined variable $validasi
[Method: GET, Route: Auth]
in APPPATH\Views\v_login.php on line 39.
 1 APPPATH\Views\v_login.php(39): CodeIgniter\Debug\Exceptions->errorHandler(2, 'Undefined variable $validasi', 'C:\\wamp64\\www\\SI-PMII-Jambi\\app\\Views\\v_login.php', 39)
 2 SYSTEMPATH\View\View.php(234): include('C:\\wamp64\\www\\SI-PMII-Jambi\\app\\Views\\v_login.php')
 3 SYSTEMPATH\View\View.php(237): CodeIgniter\View\View->CodeIgniter\View\{closure}()
 4 SYSTEMPATH\Common.php(1171): CodeIgniter\View\View->render('v_login', [], true)
 5 APPPATH\Controllers\Auth.php(24): view('v_login', [...])
 6 SYSTEMPATH\CodeIgniter.php(933): App\Controllers\Auth->index()
 7 SYSTEMPATH\CodeIgniter.php(509): CodeIgniter\CodeIgniter->runController(Object(App\Controllers\Auth))
 8 SYSTEMPATH\CodeIgniter.php(355): CodeIgniter\CodeIgniter->handleRequest(null, Object(Config\Cache), false)
 9 SYSTEMPATH\Boot.php(334): CodeIgniter\CodeIgniter->run()
10 SYSTEMPATH\Boot.php(67): CodeIgniter\Boot::runCodeIgniter(Object(CodeIgniter\CodeIgniter))
11 FCPATH\index.php(56): CodeIgniter\Boot::bootWeb(Object(Config\Paths))
CRITICAL - 2024-12-29 18:45:38 --> ErrorException: Undefined variable $validasi
[Method: GET, Route: Auth]
in APPPATH\Views\v_login.php on line 39.
 1 APPPATH\Views\v_login.php(39): CodeIgniter\Debug\Exceptions->errorHandler(2, 'Undefined variable $validasi', 'C:\\wamp64\\www\\SI-PMII-Jambi\\app\\Views\\v_login.php', 39)
 2 SYSTEMPATH\View\View.php(234): include('C:\\wamp64\\www\\SI-PMII-Jambi\\app\\Views\\v_login.php')
 3 SYSTEMPATH\View\View.php(237): CodeIgniter\View\View->CodeIgniter\View\{closure}()
 4 SYSTEMPATH\Common.php(1171): CodeIgniter\View\View->render('v_login', [], true)
 5 APPPATH\Controllers\Auth.php(24): view('v_login', [...])
 6 SYSTEMPATH\CodeIgniter.php(933): App\Controllers\Auth->index()
 7 SYSTEMPATH\CodeIgniter.php(509): CodeIgniter\CodeIgniter->runController(Object(App\Controllers\Auth))
 8 SYSTEMPATH\CodeIgniter.php(355): CodeIgniter\CodeIgniter->handleRequest(null, Object(Config\Cache), false)
 9 SYSTEMPATH\Boot.php(334): CodeIgniter\CodeIgniter->run()
10 SYSTEMPATH\Boot.php(67): CodeIgniter\Boot::runCodeIgniter(Object(CodeIgniter\CodeIgniter))
11 FCPATH\index.php(56): CodeIgniter\Boot::bootWeb(Object(Config\Paths))
CRITICAL - 2024-12-29 18:45:38 --> ErrorException: Undefined variable $validasi
[Method: GET, Route: Auth]
in APPPATH\Views\v_login.php on line 39.
 1 APPPATH\Views\v_login.php(39): CodeIgniter\Debug\Exceptions->errorHandler(2, 'Undefined variable $validasi', 'C:\\wamp64\\www\\SI-PMII-Jambi\\app\\Views\\v_login.php', 39)
 2 SYSTEMPATH\View\View.php(234): include('C:\\wamp64\\www\\SI-PMII-Jambi\\app\\Views\\v_login.php')
 3 SYSTEMPATH\View\View.php(237): CodeIgniter\View\View->CodeIgniter\View\{closure}()
 4 SYSTEMPATH\Common.php(1171): CodeIgniter\View\View->render('v_login', [], true)
 5 APPPATH\Controllers\Auth.php(24): view('v_login', [...])
 6 SYSTEMPATH\CodeIgniter.php(933): App\Controllers\Auth->index()
 7 SYSTEMPATH\CodeIgniter.php(509): CodeIgniter\CodeIgniter->runController(Object(App\Controllers\Auth))
 8 SYSTEMPATH\CodeIgniter.php(355): CodeIgniter\CodeIgniter->handleRequest(null, Object(Config\Cache), false)
 9 SYSTEMPATH\Boot.php(334): CodeIgniter\CodeIgniter->run()
10 SYSTEMPATH\Boot.php(67): CodeIgniter\Boot::runCodeIgniter(Object(CodeIgniter\CodeIgniter))
11 FCPATH\index.php(56): CodeIgniter\Boot::bootWeb(Object(Config\Paths))
CRITICAL - 2024-12-29 18:45:38 --> ErrorException: Undefined variable $validasi
[Method: GET, Route: Auth]
in APPPATH\Views\v_login.php on line 39.
 1 APPPATH\Views\v_login.php(39): CodeIgniter\Debug\Exceptions->errorHandler(2, 'Undefined variable $validasi', 'C:\\wamp64\\www\\SI-PMII-Jambi\\app\\Views\\v_login.php', 39)
 2 SYSTEMPATH\View\View.php(234): include('C:\\wamp64\\www\\SI-PMII-Jambi\\app\\Views\\v_login.php')
 3 SYSTEMPATH\View\View.php(237): CodeIgniter\View\View->CodeIgniter\View\{closure}()
 4 SYSTEMPATH\Common.php(1171): CodeIgniter\View\View->render('v_login', [], true)
 5 APPPATH\Controllers\Auth.php(24): view('v_login', [...])
 6 SYSTEMPATH\CodeIgniter.php(933): App\Controllers\Auth->index()
 7 SYSTEMPATH\CodeIgniter.php(509): CodeIgniter\CodeIgniter->runController(Object(App\Controllers\Auth))
 8 SYSTEMPATH\CodeIgniter.php(355): CodeIgniter\CodeIgniter->handleRequest(null, Object(Config\Cache), false)
 9 SYSTEMPATH\Boot.php(334): CodeIgniter\CodeIgniter->run()
10 SYSTEMPATH\Boot.php(67): CodeIgniter\Boot::runCodeIgniter(Object(CodeIgniter\CodeIgniter))
11 FCPATH\index.php(56): CodeIgniter\Boot::bootWeb(Object(Config\Paths))
CRITICAL - 2024-12-29 18:45:49 --> ErrorException: Undefined variable $validasi
[Method: GET, Route: Auth]
in APPPATH\Views\v_login.php on line 43.
 1 APPPATH\Views\v_login.php(43): CodeIgniter\Debug\Exceptions->errorHandler(2, 'Undefined variable $validasi', 'C:\\wamp64\\www\\SI-PMII-Jambi\\app\\Views\\v_login.php', 43)
 2 SYSTEMPATH\View\View.php(234): include('C:\\wamp64\\www\\SI-PMII-Jambi\\app\\Views\\v_login.php')
 3 SYSTEMPATH\View\View.php(237): CodeIgniter\View\View->CodeIgniter\View\{closure}()
 4 SYSTEMPATH\Common.php(1171): CodeIgniter\View\View->render('v_login', [], true)
 5 APPPATH\Controllers\Auth.php(24): view('v_login', [...])
 6 SYSTEMPATH\CodeIgniter.php(933): App\Controllers\Auth->index()
 7 SYSTEMPATH\CodeIgniter.php(509): CodeIgniter\CodeIgniter->runController(Object(App\Controllers\Auth))
 8 SYSTEMPATH\CodeIgniter.php(355): CodeIgniter\CodeIgniter->handleRequest(null, Object(Config\Cache), false)
 9 SYSTEMPATH\Boot.php(334): CodeIgniter\CodeIgniter->run()
10 SYSTEMPATH\Boot.php(67): CodeIgniter\Boot::runCodeIgniter(Object(CodeIgniter\CodeIgniter))
11 FCPATH\index.php(56): CodeIgniter\Boot::bootWeb(Object(Config\Paths))
CRITICAL - 2024-12-29 18:45:49 --> ErrorException: Undefined variable $validasi
[Method: GET, Route: Auth]
in APPPATH\Views\v_login.php on line 43.
 1 APPPATH\Views\v_login.php(43): CodeIgniter\Debug\Exceptions->errorHandler(2, 'Undefined variable $validasi', 'C:\\wamp64\\www\\SI-PMII-Jambi\\app\\Views\\v_login.php', 43)
 2 SYSTEMPATH\View\View.php(234): include('C:\\wamp64\\www\\SI-PMII-Jambi\\app\\Views\\v_login.php')
 3 SYSTEMPATH\View\View.php(237): CodeIgniter\View\View->CodeIgniter\View\{closure}()
 4 SYSTEMPATH\Common.php(1171): CodeIgniter\View\View->render('v_login', [], true)
 5 APPPATH\Controllers\Auth.php(24): view('v_login', [...])
 6 SYSTEMPATH\CodeIgniter.php(933): App\Controllers\Auth->index()
 7 SYSTEMPATH\CodeIgniter.php(509): CodeIgniter\CodeIgniter->runController(Object(App\Controllers\Auth))
 8 SYSTEMPATH\CodeIgniter.php(355): CodeIgniter\CodeIgniter->handleRequest(null, Object(Config\Cache), false)
 9 SYSTEMPATH\Boot.php(334): CodeIgniter\CodeIgniter->run()
10 SYSTEMPATH\Boot.php(67): CodeIgniter\Boot::runCodeIgniter(Object(CodeIgniter\CodeIgniter))
11 FCPATH\index.php(56): CodeIgniter\Boot::bootWeb(Object(Config\Paths))
CRITICAL - 2024-12-29 18:45:50 --> ErrorException: Undefined variable $validasi
[Method: GET, Route: Auth]
in APPPATH\Views\v_login.php on line 43.
 1 APPPATH\Views\v_login.php(43): CodeIgniter\Debug\Exceptions->errorHandler(2, 'Undefined variable $validasi', 'C:\\wamp64\\www\\SI-PMII-Jambi\\app\\Views\\v_login.php', 43)
 2 SYSTEMPATH\View\View.php(234): include('C:\\wamp64\\www\\SI-PMII-Jambi\\app\\Views\\v_login.php')
 3 SYSTEMPATH\View\View.php(237): CodeIgniter\View\View->CodeIgniter\View\{closure}()
 4 SYSTEMPATH\Common.php(1171): CodeIgniter\View\View->render('v_login', [], true)
 5 APPPATH\Controllers\Auth.php(24): view('v_login', [...])
 6 SYSTEMPATH\CodeIgniter.php(933): App\Controllers\Auth->index()
 7 SYSTEMPATH\CodeIgniter.php(509): CodeIgniter\CodeIgniter->runController(Object(App\Controllers\Auth))
 8 SYSTEMPATH\CodeIgniter.php(355): CodeIgniter\CodeIgniter->handleRequest(null, Object(Config\Cache), false)
 9 SYSTEMPATH\Boot.php(334): CodeIgniter\CodeIgniter->run()
10 SYSTEMPATH\Boot.php(67): CodeIgniter\Boot::runCodeIgniter(Object(CodeIgniter\CodeIgniter))
11 FCPATH\index.php(56): CodeIgniter\Boot::bootWeb(Object(Config\Paths))
CRITICAL - 2024-12-29 18:47:18 --> ErrorException: Undefined variable $validasi
[Method: GET, Route: Auth]
in APPPATH\Views\v_login.php on line 39.
 1 APPPATH\Views\v_login.php(39): CodeIgniter\Debug\Exceptions->errorHandler(2, 'Undefined variable $validasi', 'C:\\wamp64\\www\\SI-PMII-Jambi\\app\\Views\\v_login.php', 39)
 2 SYSTEMPATH\View\View.php(234): include('C:\\wamp64\\www\\SI-PMII-Jambi\\app\\Views\\v_login.php')
 3 SYSTEMPATH\View\View.php(237): CodeIgniter\View\View->CodeIgniter\View\{closure}()
 4 SYSTEMPATH\Common.php(1171): CodeIgniter\View\View->render('v_login', [], true)
 5 APPPATH\Controllers\Auth.php(24): view('v_login', [...])
 6 SYSTEMPATH\CodeIgniter.php(933): App\Controllers\Auth->index()
 7 SYSTEMPATH\CodeIgniter.php(509): CodeIgniter\CodeIgniter->runController(Object(App\Controllers\Auth))
 8 SYSTEMPATH\CodeIgniter.php(355): CodeIgniter\CodeIgniter->handleRequest(null, Object(Config\Cache), false)
 9 SYSTEMPATH\Boot.php(334): CodeIgniter\CodeIgniter->run()
10 SYSTEMPATH\Boot.php(67): CodeIgniter\Boot::runCodeIgniter(Object(CodeIgniter\CodeIgniter))
11 FCPATH\index.php(56): CodeIgniter\Boot::bootWeb(Object(Config\Paths))
CRITICAL - 2024-12-29 18:47:19 --> ErrorException: Undefined variable $validasi
[Method: GET, Route: Auth]
in APPPATH\Views\v_login.php on line 39.
 1 APPPATH\Views\v_login.php(39): CodeIgniter\Debug\Exceptions->errorHandler(2, 'Undefined variable $validasi', 'C:\\wamp64\\www\\SI-PMII-Jambi\\app\\Views\\v_login.php', 39)
 2 SYSTEMPATH\View\View.php(234): include('C:\\wamp64\\www\\SI-PMII-Jambi\\app\\Views\\v_login.php')
 3 SYSTEMPATH\View\View.php(237): CodeIgniter\View\View->CodeIgniter\View\{closure}()
 4 SYSTEMPATH\Common.php(1171): CodeIgniter\View\View->render('v_login', [], true)
 5 APPPATH\Controllers\Auth.php(24): view('v_login', [...])
 6 SYSTEMPATH\CodeIgniter.php(933): App\Controllers\Auth->index()
 7 SYSTEMPATH\CodeIgniter.php(509): CodeIgniter\CodeIgniter->runController(Object(App\Controllers\Auth))
 8 SYSTEMPATH\CodeIgniter.php(355): CodeIgniter\CodeIgniter->handleRequest(null, Object(Config\Cache), false)
 9 SYSTEMPATH\Boot.php(334): CodeIgniter\CodeIgniter->run()
10 SYSTEMPATH\Boot.php(67): CodeIgniter\Boot::runCodeIgniter(Object(CodeIgniter\CodeIgniter))
11 FCPATH\index.php(56): CodeIgniter\Boot::bootWeb(Object(Config\Paths))
CRITICAL - 2024-12-29 18:47:19 --> ErrorException: Undefined variable $validasi
[Method: GET, Route: Auth]
in APPPATH\Views\v_login.php on line 39.
 1 APPPATH\Views\v_login.php(39): CodeIgniter\Debug\Exceptions->errorHandler(2, 'Undefined variable $validasi', 'C:\\wamp64\\www\\SI-PMII-Jambi\\app\\Views\\v_login.php', 39)
 2 SYSTEMPATH\View\View.php(234): include('C:\\wamp64\\www\\SI-PMII-Jambi\\app\\Views\\v_login.php')
 3 SYSTEMPATH\View\View.php(237): CodeIgniter\View\View->CodeIgniter\View\{closure}()
 4 SYSTEMPATH\Common.php(1171): CodeIgniter\View\View->render('v_login', [], true)
 5 APPPATH\Controllers\Auth.php(24): view('v_login', [...])
 6 SYSTEMPATH\CodeIgniter.php(933): App\Controllers\Auth->index()
 7 SYSTEMPATH\CodeIgniter.php(509): CodeIgniter\CodeIgniter->runController(Object(App\Controllers\Auth))
 8 SYSTEMPATH\CodeIgniter.php(355): CodeIgniter\CodeIgniter->handleRequest(null, Object(Config\Cache), false)
 9 SYSTEMPATH\Boot.php(334): CodeIgniter\CodeIgniter->run()
10 SYSTEMPATH\Boot.php(67): CodeIgniter\Boot::runCodeIgniter(Object(CodeIgniter\CodeIgniter))
11 FCPATH\index.php(56): CodeIgniter\Boot::bootWeb(Object(Config\Paths))
