CRITICAL - 2024-12-31 00:01:03 --> ErrorException: Undefined array key "#"
[Method: GET, Route: datamapaba]
in APPPATH\Views\datamapaba\v_index.php on line 65.
 1 APPPATH\Views\datamapaba\v_index.php(65): CodeIgniter\Debug\Exceptions->errorHandler(2, 'Undefined array key "#"', 'C:\\wamp64\\www\\SI-PMII-Jambi\\app\\Views\\datamapaba\\v_index.php', 65)
 2 SYSTEMPATH\View\View.php(234): include('C:\\wamp64\\www\\SI-PMII-Jambi\\app\\Views\\datamapaba\\v_index.php')
 3 SYSTEMPATH\View\View.php(237): CodeIgniter\View\View->CodeIgniter\View\{closure}()
 4 SYSTEMPATH\Common.php(1171): CodeIgniter\View\View->render('datamapaba/v_index', [], true)
 5 APPPATH\Views\v_template_admin.php(178): view('datamapaba/v_index')
 6 SYSTEMPATH\View\View.php(234): include('C:\\wamp64\\www\\SI-PMII-Jambi\\app\\Views\\v_template_admin.php')
 7 SYSTEMPATH\View\View.php(237): CodeIgniter\View\View->CodeIgniter\View\{closure}()
 8 SYSTEMPATH\Common.php(1171): CodeIgniter\View\View->render('v_template_admin', [], true)
 9 APPPATH\Controllers\datamapaba.php(26): view('v_template_admin', [...])
10 SYSTEMPATH\CodeIgniter.php(933): App\Controllers\datamapaba->index()
11 SYSTEMPATH\CodeIgniter.php(509): CodeIgniter\CodeIgniter->runController(Object(App\Controllers\datamapaba))
12 SYSTEMPATH\CodeIgniter.php(355): CodeIgniter\CodeIgniter->handleRequest(null, Object(Config\Cache), false)
13 SYSTEMPATH\Boot.php(334): CodeIgniter\CodeIgniter->run()
14 SYSTEMPATH\Boot.php(67): CodeIgniter\Boot::runCodeIgniter(Object(CodeIgniter\CodeIgniter))
15 FCPATH\index.php(56): CodeIgniter\Boot::bootWeb(Object(Config\Paths))
CRITICAL - 2024-12-31 00:01:10 --> ErrorException: Undefined array key "no"
[Method: GET, Route: datamapaba]
in APPPATH\Views\datamapaba\v_index.php on line 65.
 1 APPPATH\Views\datamapaba\v_index.php(65): CodeIgniter\Debug\Exceptions->errorHandler(2, 'Undefined array key "no"', 'C:\\wamp64\\www\\SI-PMII-Jambi\\app\\Views\\datamapaba\\v_index.php', 65)
 2 SYSTEMPATH\View\View.php(234): include('C:\\wamp64\\www\\SI-PMII-Jambi\\app\\Views\\datamapaba\\v_index.php')
 3 SYSTEMPATH\View\View.php(237): CodeIgniter\View\View->CodeIgniter\View\{closure}()
 4 SYSTEMPATH\Common.php(1171): CodeIgniter\View\View->render('datamapaba/v_index', [], true)
 5 APPPATH\Views\v_template_admin.php(178): view('datamapaba/v_index')
 6 SYSTEMPATH\View\View.php(234): include('C:\\wamp64\\www\\SI-PMII-Jambi\\app\\Views\\v_template_admin.php')
 7 SYSTEMPATH\View\View.php(237): CodeIgniter\View\View->CodeIgniter\View\{closure}()
 8 SYSTEMPATH\Common.php(1171): CodeIgniter\View\View->render('v_template_admin', [], true)
 9 APPPATH\Controllers\datamapaba.php(26): view('v_template_admin', [...])
10 SYSTEMPATH\CodeIgniter.php(933): App\Controllers\datamapaba->index()
11 SYSTEMPATH\CodeIgniter.php(509): CodeIgniter\CodeIgniter->runController(Object(App\Controllers\datamapaba))
12 SYSTEMPATH\CodeIgniter.php(355): CodeIgniter\CodeIgniter->handleRequest(null, Object(Config\Cache), false)
13 SYSTEMPATH\Boot.php(334): CodeIgniter\CodeIgniter->run()
14 SYSTEMPATH\Boot.php(67): CodeIgniter\Boot::runCodeIgniter(Object(CodeIgniter\CodeIgniter))
15 FCPATH\index.php(56): CodeIgniter\Boot::bootWeb(Object(Config\Paths))
CRITICAL - 2024-12-31 00:01:11 --> ErrorException: Undefined array key "no"
[Method: GET, Route: datamapaba]
in APPPATH\Views\datamapaba\v_index.php on line 65.
 1 APPPATH\Views\datamapaba\v_index.php(65): CodeIgniter\Debug\Exceptions->errorHandler(2, 'Undefined array key "no"', 'C:\\wamp64\\www\\SI-PMII-Jambi\\app\\Views\\datamapaba\\v_index.php', 65)
 2 SYSTEMPATH\View\View.php(234): include('C:\\wamp64\\www\\SI-PMII-Jambi\\app\\Views\\datamapaba\\v_index.php')
 3 SYSTEMPATH\View\View.php(237): CodeIgniter\View\View->CodeIgniter\View\{closure}()
 4 SYSTEMPATH\Common.php(1171): CodeIgniter\View\View->render('datamapaba/v_index', [], true)
 5 APPPATH\Views\v_template_admin.php(178): view('datamapaba/v_index')
 6 SYSTEMPATH\View\View.php(234): include('C:\\wamp64\\www\\SI-PMII-Jambi\\app\\Views\\v_template_admin.php')
 7 SYSTEMPATH\View\View.php(237): CodeIgniter\View\View->CodeIgniter\View\{closure}()
 8 SYSTEMPATH\Common.php(1171): CodeIgniter\View\View->render('v_template_admin', [], true)
 9 APPPATH\Controllers\datamapaba.php(26): view('v_template_admin', [...])
10 SYSTEMPATH\CodeIgniter.php(933): App\Controllers\datamapaba->index()
11 SYSTEMPATH\CodeIgniter.php(509): CodeIgniter\CodeIgniter->runController(Object(App\Controllers\datamapaba))
12 SYSTEMPATH\CodeIgniter.php(355): CodeIgniter\CodeIgniter->handleRequest(null, Object(Config\Cache), false)
13 SYSTEMPATH\Boot.php(334): CodeIgniter\CodeIgniter->run()
14 SYSTEMPATH\Boot.php(67): CodeIgniter\Boot::runCodeIgniter(Object(CodeIgniter\CodeIgniter))
15 FCPATH\index.php(56): CodeIgniter\Boot::bootWeb(Object(Config\Paths))
